2025-09-26 07:37:10 | INFO | Inserted one message into the database.
2025-09-26 07:37:10 | INFO | Processed message: {'message': 'I just tried game! It was amazing.', 'author': 'Eve', 'timestamp': '2025-09-26 07:34:18', 'category': 'gaming', 'sentiment': 0.18, 'keyword_mentioned': 'game', 'message_length': 34}
2025-09-26 07:37:10 | INFO | Calling SQLite insert_message() with:
2025-09-26 07:37:10 | INFO | message={'message': 'I just tried game! It was amazing.', 'author': 'Eve', 'timestamp': '2025-09-26 07:34:18', 'category': 'gaming', 'sentiment': 0.18, 'keyword_mentioned': 'game', 'message_length': 34}
2025-09-26 07:37:10 | INFO | db_path=WindowsPath('D:/projects/buzzline-05-USERape/data/buzz.sqlite')
2025-09-26 07:37:10 | INFO | Inserted one message into the database.
2025-09-26 07:37:10 | INFO | Processed message: {'message': 'I just tried a meme! It was exciting.', 'author': 'Eve', 'timestamp': '2025-09-26 07:34:23', 'category': 'humor', 'sentiment': 0.71, 'keyword_mentioned': 'meme', 'message_length': 37}
2025-09-26 07:37:10 | INFO | Calling SQLite insert_message() with:
2025-09-26 07:37:10 | INFO | message={'message': 'I just tried a meme! It was exciting.', 'author': 'Eve', 'timestamp': '2025-09-26 07:34:23', 'category': 'humor', 'sentiment': 0.71, 'keyword_mentioned': 'meme', 'message_length': 37}
2025-09-26 07:37:10 | INFO | db_path=WindowsPath('D:/projects/buzzline-05-USERape/data/buzz.sqlite')
2025-09-26 07:37:10 | INFO | Inserted one message into the database.
2025-09-26 07:37:10 | INFO | Processed message: {'message': 'I just tried a meme! It was funny.', 'author': 'Alice', 'timestamp': '2025-09-26 07:34:28', 'category': 'humor', 'sentiment': 0.82, 'keyword_mentioned': 'meme', 'message_length': 34}
2025-09-26 07:37:10 | INFO | Calling SQLite insert_message() with:
2025-09-26 07:37:10 | INFO | message={'message': 'I just tried a meme! It was funny.', 'author': 'Alice', 'timestamp': '2025-09-26 07:34:28', 'category': 'humor', 'sentiment': 0.82, 'keyword_mentioned': 'meme', 'message_length': 34}
2025-09-26 07:37:10 | INFO | db_path=WindowsPath('D:/projects/buzzline-05-USERape/data/buzz.sqlite')
2025-09-26 07:37:10 | INFO | Inserted one message into the database.
2025-09-26 07:37:10 | INFO | Processed message: {'message': 'I just tried an app! It was weird.', 'author': 'Charlie', 'timestamp': '2025-09-26 07:34:33', 'category': 'other', 'sentiment': 0.67, 'keyword_mentioned': 'other', 'message_length': 34}
2025-09-26 07:37:10 | INFO | Calling SQLite insert_message() with:
2025-09-26 07:37:10 | INFO | message={'message': 'I just tried an app! It was weird.', 'author': 'Charlie', 'timestamp': '2025-09-26 07:34:33', 'category': 'other', 'sentiment': 0.67, 'keyword_mentioned': 'other', 'message_length': 34}
2025-09-26 07:37:10 | INFO | db_path=WindowsPath('D:/projects/buzzline-05-USERape/data/buzz.sqlite')
2025-09-26 07:37:10 | INFO | Inserted one message into the database.
2025-09-26 07:37:10 | INFO | Processed message: {'message': 'I just found Python! It was funny.', 'author': 'Alice', 'timestamp': '2025-09-26 07:34:38', 'category': 'tech', 'sentiment': 0.58, 'keyword_mentioned': 'Python', 'message_length': 34}
2025-09-26 07:37:10 | INFO | Calling SQLite insert_message() with:
2025-09-26 07:37:10 | INFO | message={'message': 'I just found Python! It was funny.', 'author': 'Alice', 'timestamp': '2025-09-26 07:34:38', 'category': 'tech', 'sentiment': 0.58, 'keyword_mentioned': 'Python', 'message_length': 34}
2025-09-26 07:37:10 | INFO | db_path=WindowsPath('D:/projects/buzzline-05-USERape/data/buzz.sqlite')
2025-09-26 07:37:10 | INFO | Inserted one message into the database.
2025-09-26 07:37:10 | INFO | Processed message: {'message': 'I just shared a story! It was amazing.', 'author': 'Charlie', 'timestamp': '2025-09-26 07:34:43', 'category': 'other', 'sentiment': 0.22, 'keyword_mentioned': 'other', 'message_length': 38}
2025-09-26 07:37:10 | INFO | Calling SQLite insert_message() with:
2025-09-26 07:37:10 | INFO | message={'message': 'I just shared a story! It was amazing.', 'author': 'Charlie', 'timestamp': '2025-09-26 07:34:43', 'category': 'other', 'sentiment': 0.22, 'keyword_mentioned': 'other', 'message_length': 38}
2025-09-26 07:37:10 | INFO | db_path=WindowsPath('D:/projects/buzzline-05-USERape/data/buzz.sqlite')
2025-09-26 07:37:10 | INFO | Inserted one message into the database.
2025-09-26 07:37:10 | INFO | Processed message: {'message': 'I just saw game! It was weird.', 'author': 'Charlie', 'timestamp': '2025-09-26 07:34:48', 'category': 'gaming', 'sentiment': 0.54, 'keyword_mentioned': 'game', 'message_length': 30}
2025-09-26 07:37:10 | INFO | Calling SQLite insert_message() with:
2025-09-26 07:37:10 | INFO | message={'message': 'I just saw game! It was weird.', 'author': 'Charlie', 'timestamp': '2025-09-26 07:34:48', 'category': 'gaming', 'sentiment': 0.54, 'keyword_mentioned': 'game', 'message_length': 30}
2025-09-26 07:37:10 | INFO | db_path=WindowsPath('D:/projects/buzzline-05-USERape/data/buzz.sqlite')
2025-09-26 07:37:10 | INFO | Inserted one message into the database.
2025-09-26 07:37:10 | INFO | Processed message: {'message': 'I just loved travel! It was amazing.', 'author': 'Alice', 'timestamp': '2025-09-26 07:34:53', 'category': 'travel', 'sentiment': 0.17, 'keyword_mentioned': 'travel', 'message_length': 36}
2025-09-26 07:37:10 | INFO | Calling SQLite insert_message() with:
2025-09-26 07:37:10 | INFO | message={'message': 'I just loved travel! It was amazing.', 'author': 'Alice', 'timestamp': '2025-09-26 07:34:53', 'category': 'travel', 'sentiment': 0.17, 'keyword_mentioned': 'travel', 'message_length': 36}
2025-09-26 07:37:10 | INFO | db_path=WindowsPath('D:/projects/buzzline-05-USERape/data/buzz.sqlite')
2025-09-26 07:37:10 | INFO | Inserted one message into the database.
2025-09-26 07:37:10 | INFO | Processed message: {'message': 'I just shared JavaScript! It was amazing.', 'author': 'Charlie', 'timestamp': '2025-09-26 07:34:58', 'category': 'tech', 'sentiment': 0.75, 'keyword_mentioned': 'JavaScript', 'message_length': 41}
2025-09-26 07:37:10 | INFO | Calling SQLite insert_message() with:
2025-09-26 07:37:10 | INFO | message={'message': 'I just shared JavaScript! It was amazing.', 'author': 'Charlie', 'timestamp': '2025-09-26 07:34:58', 'category': 'tech', 'sentiment': 0.75, 'keyword_mentioned': 'JavaScript', 'message_length': 41}
2025-09-26 07:37:10 | INFO | db_path=WindowsPath('D:/projects/buzzline-05-USERape/data/buzz.sqlite')
2025-09-26 07:37:10 | INFO | Inserted one message into the database.
2025-09-26 07:37:10 | INFO | Processed message: {'message': 'I just saw travel! It was amazing.', 'author': 'Alice', 'timestamp': '2025-09-26 07:35:03', 'category': 'travel', 'sentiment': 0.44, 'keyword_mentioned': 'travel', 'message_length': 34}
2025-09-26 07:37:10 | INFO | Calling SQLite insert_message() with:
2025-09-26 07:37:10 | INFO | message={'message': 'I just saw travel! It was amazing.', 'author': 'Alice', 'timestamp': '2025-09-26 07:35:03', 'category': 'travel', 'sentiment': 0.44, 'keyword_mentioned': 'travel', 'message_length': 34}
2025-09-26 07:37:10 | INFO | db_path=WindowsPath('D:/projects/buzzline-05-USERape/data/buzz.sqlite')
2025-09-26 07:37:10 | INFO | Inserted one message into the database.
2025-09-26 07:37:10 | INFO | Processed message: {'message': 'I just tried a movie! It was weird.', 'author': 'Eve', 'timestamp': '2025-09-26 07:35:08', 'category': 'entertainment', 'sentiment': 0.61, 'keyword_mentioned': 'movie', 'message_length': 35}
2025-09-26 07:37:10 | INFO | Calling SQLite insert_message() with:
2025-09-26 07:37:10 | INFO | message={'message': 'I just tried a movie! It was weird.', 'author': 'Eve', 'timestamp': '2025-09-26 07:35:08', 'category': 'entertainment', 'sentiment': 0.61, 'keyword_mentioned': 'movie', 'message_length': 35}
2025-09-26 07:37:10 | INFO | db_path=WindowsPath('D:/projects/buzzline-05-USERape/data/buzz.sqlite')
2025-09-26 07:37:10 | INFO | Inserted one message into the database.
2025-09-26 07:37:10 | INFO | Processed message: {'message': 'I just saw game! It was amazing.', 'author': 'Eve', 'timestamp': '2025-09-26 07:35:13', 'category': 'gaming', 'sentiment': 0.44, 'keyword_mentioned': 'game', 'message_length': 32}
2025-09-26 07:37:10 | INFO | Calling SQLite insert_message() with:
2025-09-26 07:37:10 | INFO | message={'message': 'I just saw game! It was amazing.', 'author': 'Eve', 'timestamp': '2025-09-26 07:35:13', 'category': 'gaming', 'sentiment': 0.44, 'keyword_mentioned': 'game', 'message_length': 32}
2025-09-26 07:37:10 | INFO | db_path=WindowsPath('D:/projects/buzzline-05-USERape/data/buzz.sqlite')
2025-09-26 07:37:10 | INFO | Inserted one message into the database.
2025-09-26 07:37:10 | INFO | Processed message: {'message': 'I just loved an app! It was weird.', 'author': 'Alice', 'timestamp': '2025-09-26 07:35:18', 'category': 'other', 'sentiment': 0.09, 'keyword_mentioned': 'other', 'message_length': 34}
2025-09-26 07:37:10 | INFO | Calling SQLite insert_message() with:
2025-09-26 07:37:10 | INFO | message={'message': 'I just loved an app! It was weird.', 'author': 'Alice', 'timestamp': '2025-09-26 07:35:18', 'category': 'other', 'sentiment': 0.09, 'keyword_mentioned': 'other', 'message_length': 34}
2025-09-26 07:37:10 | INFO | db_path=WindowsPath('D:/projects/buzzline-05-USERape/data/buzz.sqlite')
2025-09-26 07:37:10 | INFO | Inserted one message into the database.
2025-09-26 07:37:10 | INFO | Processed message: {'message': 'I just saw Python! It was exciting.', 'author': 'Charlie', 'timestamp': '2025-09-26 07:35:23', 'category': 'tech', 'sentiment': 0.92, 'keyword_mentioned': 'Python', 'message_length': 35}
2025-09-26 07:37:10 | INFO | Calling SQLite insert_message() with:
2025-09-26 07:37:10 | INFO | message={'message': 'I just saw Python! It was exciting.', 'author': 'Charlie', 'timestamp': '2025-09-26 07:35:23', 'category': 'tech', 'sentiment': 0.92, 'keyword_mentioned': 'Python', 'message_length': 35}
2025-09-26 07:37:10 | INFO | db_path=WindowsPath('D:/projects/buzzline-05-USERape/data/buzz.sqlite')
2025-09-26 07:37:10 | INFO | Inserted one message into the database.
2025-09-26 07:37:10 | INFO | Processed message: {'message': 'I just saw an app! It was exciting.', 'author': 'Alice', 'timestamp': '2025-09-26 07:35:28', 'category': 'other', 'sentiment': 0.82, 'keyword_mentioned': 'other', 'message_length': 35}
2025-09-26 07:37:10 | INFO | Calling SQLite insert_message() with:
2025-09-26 07:37:10 | INFO | message={'message': 'I just saw an app! It was exciting.', 'author': 'Alice', 'timestamp': '2025-09-26 07:35:28', 'category': 'other', 'sentiment': 0.82, 'keyword_mentioned': 'other', 'message_length': 35}
2025-09-26 07:37:10 | INFO | db_path=WindowsPath('D:/projects/buzzline-05-USERape/data/buzz.sqlite')
2025-09-26 07:37:10 | INFO | Inserted one message into the database.
2025-09-26 07:37:10 | INFO | Processed message: {'message': 'I just saw a meme! It was weird.', 'author': 'Alice', 'timestamp': '2025-09-26 07:35:33', 'category': 'humor', 'sentiment': 0.3, 'keyword_mentioned': 'meme', 'message_length': 32}
2025-09-26 07:37:10 | INFO | Calling SQLite insert_message() with:
2025-09-26 07:37:10 | INFO | message={'message': 'I just saw a meme! It was weird.', 'author': 'Alice', 'timestamp': '2025-09-26 07:35:33', 'category': 'humor', 'sentiment': 0.3, 'keyword_mentioned': 'meme', 'message_length': 32}
2025-09-26 07:37:10 | INFO | db_path=WindowsPath('D:/projects/buzzline-05-USERape/data/buzz.sqlite')
2025-09-26 07:37:10 | INFO | Inserted one message into the database.
2025-09-26 07:37:10 | INFO | Processed message: {'message': 'I just found a trick! It was funny.', 'author': 'Eve', 'timestamp': '2025-09-26 07:35:38', 'category': 'other', 'sentiment': 0.65, 'keyword_mentioned': 'other', 'message_length': 35}
2025-09-26 07:37:10 | INFO | Calling SQLite insert_message() with:
2025-09-26 07:37:10 | INFO | message={'message': 'I just found a trick! It was funny.', 'author': 'Eve', 'timestamp': '2025-09-26 07:35:38', 'category': 'other', 'sentiment': 0.65, 'keyword_mentioned': 'other', 'message_length': 35}
2025-09-26 07:37:10 | INFO | db_path=WindowsPath('D:/projects/buzzline-05-USERape/data/buzz.sqlite')
2025-09-26 07:37:10 | INFO | Inserted one message into the database.
2025-09-26 07:37:10 | INFO | Processed message: {'message': 'I just saw a story! It was exciting.', 'author': 'Eve', 'timestamp': '2025-09-26 07:35:43', 'category': 'other', 'sentiment': 0.04, 'keyword_mentioned': 'other', 'message_length': 36}
2025-09-26 07:37:10 | INFO | Calling SQLite insert_message() with:
2025-09-26 07:37:10 | INFO | message={'message': 'I just saw a story! It was exciting.', 'author': 'Eve', 'timestamp': '2025-09-26 07:35:43', 'category': 'other', 'sentiment': 0.04, 'keyword_mentioned': 'other', 'message_length': 36}
2025-09-26 07:37:10 | INFO | db_path=WindowsPath('D:/projects/buzzline-05-USERape/data/buzz.sqlite')
2025-09-26 07:37:11 | INFO | Inserted one message into the database.
2025-09-26 07:37:11 | INFO | Processed message: {'message': 'I just shared game! It was amazing.', 'author': 'Alice', 'timestamp': '2025-09-26 07:35:48', 'category': 'gaming', 'sentiment': 0.34, 'keyword_mentioned': 'game', 'message_length': 35}
2025-09-26 07:37:11 | INFO | Calling SQLite insert_message() with:
2025-09-26 07:37:11 | INFO | message={'message': 'I just shared game! It was amazing.', 'author': 'Alice', 'timestamp': '2025-09-26 07:35:48', 'category': 'gaming', 'sentiment': 0.34, 'keyword_mentioned': 'game', 'message_length': 35}
2025-09-26 07:37:11 | INFO | db_path=WindowsPath('D:/projects/buzzline-05-USERape/data/buzz.sqlite')
2025-09-26 07:37:11 | INFO | Inserted one message into the database.
2025-09-26 07:37:11 | INFO | Processed message: {'message': 'I just found recipe! It was amazing.', 'author': 'Eve', 'timestamp': '2025-09-26 07:35:53', 'category': 'food', 'sentiment': 0.37, 'keyword_mentioned': 'recipe', 'message_length': 36}
2025-09-26 07:37:11 | INFO | Calling SQLite insert_message() with:
2025-09-26 07:37:11 | INFO | message={'message': 'I just found recipe! It was amazing.', 'author': 'Eve', 'timestamp': '2025-09-26 07:35:53', 'category': 'food', 'sentiment': 0.37, 'keyword_mentioned': 'recipe', 'message_length': 36}
2025-09-26 07:37:11 | INFO | db_path=WindowsPath('D:/projects/buzzline-05-USERape/data/buzz.sqlite')
2025-09-26 07:37:11 | INFO | Inserted one message into the database.
2025-09-26 07:37:11 | INFO | Processed message: {'message': 'I just shared JavaScript! It was exciting.', 'author': 'Charlie', 'timestamp': '2025-09-26 07:35:58', 'category': 'tech', 'sentiment': 0.12, 'keyword_mentioned': 'JavaScript', 'message_length': 42}
2025-09-26 07:37:11 | INFO | Calling SQLite insert_message() with:
2025-09-26 07:37:11 | INFO | message={'message': 'I just shared JavaScript! It was exciting.', 'author': 'Charlie', 'timestamp': '2025-09-26 07:35:58', 'category': 'tech', 'sentiment': 0.12, 'keyword_mentioned': 'JavaScript', 'message_length': 42}
2025-09-26 07:37:11 | INFO | db_path=WindowsPath('D:/projects/buzzline-05-USERape/data/buzz.sqlite')
2025-09-26 07:37:11 | INFO | Inserted one message into the database.
2025-09-26 07:37:11 | INFO | Processed message: {'message': 'I just tried a meme! It was weird.', 'author': 'Eve', 'timestamp': '2025-09-26 07:36:03', 'category': 'humor', 'sentiment': 0.15, 'keyword_mentioned': 'meme', 'message_length': 34}
2025-09-26 07:37:11 | INFO | Calling SQLite insert_message() with:
2025-09-26 07:37:11 | INFO | message={'message': 'I just tried a meme! It was weird.', 'author': 'Eve', 'timestamp': '2025-09-26 07:36:03', 'category': 'humor', 'sentiment': 0.15, 'keyword_mentioned': 'meme', 'message_length': 34}
2025-09-26 07:37:11 | INFO | db_path=WindowsPath('D:/projects/buzzline-05-USERape/data/buzz.sqlite')
2025-09-26 07:37:11 | INFO | Inserted one message into the database.
2025-09-26 07:37:11 | INFO | Processed message: {'message': 'I just loved a movie! It was funny.', 'author': 'Eve', 'timestamp': '2025-09-26 07:36:08', 'category': 'entertainment', 'sentiment': 0.49, 'keyword_mentioned': 'movie', 'message_length': 35}
2025-09-26 07:37:11 | INFO | Calling SQLite insert_message() with:
2025-09-26 07:37:11 | INFO | message={'message': 'I just loved a movie! It was funny.', 'author': 'Eve', 'timestamp': '2025-09-26 07:36:08', 'category': 'entertainment', 'sentiment': 0.49, 'keyword_mentioned': 'movie', 'message_length': 35}
2025-09-26 07:37:11 | INFO | db_path=WindowsPath('D:/projects/buzzline-05-USERape/data/buzz.sqlite')
2025-09-26 07:37:11 | INFO | Inserted one message into the database.
2025-09-26 07:37:11 | INFO | Processed message: {'message': 'I just tried recipe! It was amazing.', 'author': 'Charlie', 'timestamp': '2025-09-26 07:36:13', 'category': 'food', 'sentiment': 0.12, 'keyword_mentioned': 'recipe', 'message_length': 36}
2025-09-26 07:37:11 | INFO | Calling SQLite insert_message() with:
2025-09-26 07:37:11 | INFO | message={'message': 'I just tried recipe! It was amazing.', 'author': 'Charlie', 'timestamp': '2025-09-26 07:36:13', 'category': 'food', 'sentiment': 0.12, 'keyword_mentioned': 'recipe', 'message_length': 36}
2025-09-26 07:37:11 | INFO | db_path=WindowsPath('D:/projects/buzzline-05-USERape/data/buzz.sqlite')
2025-09-26 07:37:11 | INFO | Inserted one message into the database.
2025-09-26 07:37:11 | INFO | Processed message: {'message': 'I just shared a trick! It was exciting.', 'author': 'Bob', 'timestamp': '2025-09-26 07:36:18', 'category': 'other', 'sentiment': 0.99, 'keyword_mentioned': 'other', 'message_length': 39}
2025-09-26 07:37:11 | INFO | Calling SQLite insert_message() with:
2025-09-26 07:37:11 | INFO | message={'message': 'I just shared a trick! It was exciting.', 'author': 'Bob', 'timestamp': '2025-09-26 07:36:18', 'category': 'other', 'sentiment': 0.99, 'keyword_mentioned': 'other', 'message_length': 39}
2025-09-26 07:37:11 | INFO | db_path=WindowsPath('D:/projects/buzzline-05-USERape/data/buzz.sqlite')
2025-09-26 07:37:11 | INFO | Inserted one message into the database.
2025-09-26 07:37:11 | INFO | Processed message: {'message': 'I just tried game! It was funny.', 'author': 'Eve', 'timestamp': '2025-09-26 07:36:23', 'category': 'gaming', 'sentiment': 0.31, 'keyword_mentioned': 'game', 'message_length': 32}
2025-09-26 07:37:11 | INFO | Calling SQLite insert_message() with:
2025-09-26 07:37:11 | INFO | message={'message': 'I just tried game! It was funny.', 'author': 'Eve', 'timestamp': '2025-09-26 07:36:23', 'category': 'gaming', 'sentiment': 0.31, 'keyword_mentioned': 'game', 'message_length': 32}
2025-09-26 07:37:11 | INFO | db_path=WindowsPath('D:/projects/buzzline-05-USERape/data/buzz.sqlite')
2025-09-26 07:37:11 | INFO | Inserted one message into the database.
2025-09-26 07:37:11 | INFO | Processed message: {'message': 'I just loved an app! It was funny.', 'author': 'Bob', 'timestamp': '2025-09-26 07:36:28', 'category': 'other', 'sentiment': 0.24, 'keyword_mentioned': 'other', 'message_length': 34}
2025-09-26 07:37:11 | INFO | Calling SQLite insert_message() with:
2025-09-26 07:37:11 | INFO | message={'message': 'I just loved an app! It was funny.', 'author': 'Bob', 'timestamp': '2025-09-26 07:36:28', 'category': 'other', 'sentiment': 0.24, 'keyword_mentioned': 'other', 'message_length': 34}
2025-09-26 07:37:11 | INFO | db_path=WindowsPath('D:/projects/buzzline-05-USERape/data/buzz.sqlite')
2025-09-26 07:37:11 | INFO | Inserted one message into the database.
2025-09-26 07:37:11 | INFO | Processed message: {'message': 'I just saw a meme! It was amazing.', 'author': 'Charlie', 'timestamp': '2025-09-26 07:36:33', 'category': 'humor', 'sentiment': 0.63, 'keyword_mentioned': 'meme', 'message_length': 34}
2025-09-26 07:37:11 | INFO | Calling SQLite insert_message() with:
2025-09-26 07:37:11 | INFO | message={'message': 'I just saw a meme! It was amazing.', 'author': 'Charlie', 'timestamp': '2025-09-26 07:36:33', 'category': 'humor', 'sentiment': 0.63, 'keyword_mentioned': 'meme', 'message_length': 34}
2025-09-26 07:37:11 | INFO | db_path=WindowsPath('D:/projects/buzzline-05-USERape/data/buzz.sqlite')
2025-09-26 07:37:11 | INFO | Inserted one message into the database.
2025-09-26 07:37:11 | INFO | Processed message: {'message': 'I just shared a story! It was amazing.', 'author': 'Alice', 'timestamp': '2025-09-26 07:36:38', 'category': 'other', 'sentiment': 0.79, 'keyword_mentioned': 'other', 'message_length': 38}
2025-09-26 07:37:11 | INFO | Calling SQLite insert_message() with:
2025-09-26 07:37:11 | INFO | message={'message': 'I just shared a story! It was amazing.', 'author': 'Alice', 'timestamp': '2025-09-26 07:36:38', 'category': 'other', 'sentiment': 0.79, 'keyword_mentioned': 'other', 'message_length': 38}
2025-09-26 07:37:11 | INFO | db_path=WindowsPath('D:/projects/buzzline-05-USERape/data/buzz.sqlite')
2025-09-26 07:37:11 | INFO | Inserted one message into the database.
2025-09-26 07:37:11 | INFO | Processed message: {'message': 'I just saw JavaScript! It was funny.', 'author': 'Charlie', 'timestamp': '2025-09-26 07:36:43', 'category': 'tech', 'sentiment': 0.48, 'keyword_mentioned': 'JavaScript', 'message_length': 36}
2025-09-26 07:37:11 | INFO | Calling SQLite insert_message() with:
2025-09-26 07:37:11 | INFO | message={'message': 'I just saw JavaScript! It was funny.', 'author': 'Charlie', 'timestamp': '2025-09-26 07:36:43', 'category': 'tech', 'sentiment': 0.48, 'keyword_mentioned': 'JavaScript', 'message_length': 36}
2025-09-26 07:37:11 | INFO | db_path=WindowsPath('D:/projects/buzzline-05-USERape/data/buzz.sqlite')
2025-09-26 07:37:11 | INFO | Inserted one message into the database.
2025-09-26 07:37:11 | INFO | Processed message: {'message': 'I just found travel! It was funny.', 'author': 'Bob', 'timestamp': '2025-09-26 07:36:48', 'category': 'travel', 'sentiment': 0.73, 'keyword_mentioned': 'travel', 'message_length': 34}
2025-09-26 07:37:11 | INFO | Calling SQLite insert_message() with:
2025-09-26 07:37:11 | INFO | message={'message': 'I just found travel! It was funny.', 'author': 'Bob', 'timestamp': '2025-09-26 07:36:48', 'category': 'travel', 'sentiment': 0.73, 'keyword_mentioned': 'travel', 'message_length': 34}
2025-09-26 07:37:11 | INFO | db_path=WindowsPath('D:/projects/buzzline-05-USERape/data/buzz.sqlite')
2025-09-26 07:37:11 | INFO | Inserted one message into the database.
2025-09-26 07:37:11 | INFO | Processed message: {'message': 'I just found JavaScript! It was exciting.', 'author': 'Eve', 'timestamp': '2025-09-26 07:36:53', 'category': 'tech', 'sentiment': 0.44, 'keyword_mentioned': 'JavaScript', 'message_length': 41}
2025-09-26 07:37:11 | INFO | Calling SQLite insert_message() with:
2025-09-26 07:37:11 | INFO | message={'message': 'I just found JavaScript! It was exciting.', 'author': 'Eve', 'timestamp': '2025-09-26 07:36:53', 'category': 'tech', 'sentiment': 0.44, 'keyword_mentioned': 'JavaScript', 'message_length': 41}
2025-09-26 07:37:11 | INFO | db_path=WindowsPath('D:/projects/buzzline-05-USERape/data/buzz.sqlite')
2025-09-26 07:37:11 | INFO | Inserted one message into the database.
2025-09-26 07:37:11 | INFO | Processed message: {'message': 'I just loved a story! It was amazing.', 'author': 'Eve', 'timestamp': '2025-09-26 07:36:58', 'category': 'other', 'sentiment': 0.55, 'keyword_mentioned': 'other', 'message_length': 37}
2025-09-26 07:37:11 | INFO | Calling SQLite insert_message() with:
2025-09-26 07:37:11 | INFO | message={'message': 'I just loved a story! It was amazing.', 'author': 'Eve', 'timestamp': '2025-09-26 07:36:58', 'category': 'other', 'sentiment': 0.55, 'keyword_mentioned': 'other', 'message_length': 37}
2025-09-26 07:37:11 | INFO | db_path=WindowsPath('D:/projects/buzzline-05-USERape/data/buzz.sqlite')
2025-09-26 07:37:11 | INFO | Inserted one message into the database.
2025-09-26 07:37:11 | INFO | Processed message: {'message': 'I just shared recipe! It was amazing.', 'author': 'Charlie', 'timestamp': '2025-09-26 07:37:03', 'category': 'food', 'sentiment': 0.29, 'keyword_mentioned': 'recipe', 'message_length': 37}
2025-09-26 07:37:11 | INFO | Calling SQLite insert_message() with:
2025-09-26 07:37:11 | INFO | message={'message': 'I just shared recipe! It was amazing.', 'author': 'Charlie', 'timestamp': '2025-09-26 07:37:03', 'category': 'food', 'sentiment': 0.29, 'keyword_mentioned': 'recipe', 'message_length': 37}
2025-09-26 07:37:11 | INFO | db_path=WindowsPath('D:/projects/buzzline-05-USERape/data/buzz.sqlite')
2025-09-26 07:37:11 | INFO | Inserted one message into the database.
2025-09-26 07:37:11 | INFO | Processed message: {'message': 'I just saw a story! It was amazing.', 'author': 'Charlie', 'timestamp': '2025-09-26 07:37:08', 'category': 'other', 'sentiment': 0.76, 'keyword_mentioned': 'other', 'message_length': 35}
2025-09-26 07:37:11 | INFO | Calling SQLite insert_message() with:
2025-09-26 07:37:11 | INFO | message={'message': 'I just saw a story! It was amazing.', 'author': 'Charlie', 'timestamp': '2025-09-26 07:37:08', 'category': 'other', 'sentiment': 0.76, 'keyword_mentioned': 'other', 'message_length': 35}
2025-09-26 07:37:11 | INFO | db_path=WindowsPath('D:/projects/buzzline-05-USERape/data/buzz.sqlite')
2025-09-26 07:37:11 | INFO | Inserted one message into the database.
2025-09-26 07:37:13 | INFO | {'message': 'I just tried a movie! It was funny.', 'author': 'Charlie', 'timestamp': '2025-09-26 07:37:13', 'category': 'entertainment', 'sentiment': 0.08, 'keyword_mentioned': 'movie', 'message_length': 35}
2025-09-26 07:37:13 | INFO | Processed message: {'message': 'I just tried a movie! It was funny.', 'author': 'Charlie', 'timestamp': '2025-09-26 07:37:13', 'category': 'entertainment', 'sentiment': 0.08, 'keyword_mentioned': 'movie', 'message_length': 35}
2025-09-26 07:37:13 | INFO | Calling SQLite insert_message() with:
2025-09-26 07:37:13 | INFO | message={'message': 'I just tried a movie! It was funny.', 'author': 'Charlie', 'timestamp': '2025-09-26 07:37:13', 'category': 'entertainment', 'sentiment': 0.08, 'keyword_mentioned': 'movie', 'message_length': 35}
2025-09-26 07:37:13 | INFO | db_path=WindowsPath('D:/projects/buzzline-05-USERape/data/buzz.sqlite')
2025-09-26 07:37:13 | INFO | Inserted one message into the database.
2025-09-26 07:37:18 | INFO | {'message': 'I just found a story! It was weird.', 'author': 'Eve', 'timestamp': '2025-09-26 07:37:18', 'category': 'other', 'sentiment': 0.99, 'keyword_mentioned': 'other', 'message_length': 35}
2025-09-26 07:37:18 | INFO | Processed message: {'message': 'I just found a story! It was weird.', 'author': 'Eve', 'timestamp': '2025-09-26 07:37:18', 'category': 'other', 'sentiment': 0.99, 'keyword_mentioned': 'other', 'message_length': 35}
2025-09-26 07:37:18 | INFO | Calling SQLite insert_message() with:
2025-09-26 07:37:18 | INFO | message={'message': 'I just found a story! It was weird.', 'author': 'Eve', 'timestamp': '2025-09-26 07:37:18', 'category': 'other', 'sentiment': 0.99, 'keyword_mentioned': 'other', 'message_length': 35}
2025-09-26 07:37:18 | INFO | db_path=WindowsPath('D:/projects/buzzline-05-USERape/data/buzz.sqlite')
2025-09-26 07:37:18 | INFO | Inserted one message into the database.
2025-09-26 07:37:23 | INFO | {'message': 'I just loved recipe! It was boring.', 'author': 'Charlie', 'timestamp': '2025-09-26 07:37:23', 'category': 'food', 'sentiment': 0.47, 'keyword_mentioned': 'recipe', 'message_length': 35}
2025-09-26 07:37:23 | INFO | Processed message: {'message': 'I just loved recipe! It was boring.', 'author': 'Charlie', 'timestamp': '2025-09-26 07:37:23', 'category': 'food', 'sentiment': 0.47, 'keyword_mentioned': 'recipe', 'message_length': 35}
2025-09-26 07:37:23 | INFO | Calling SQLite insert_message() with:
2025-09-26 07:37:23 | INFO | message={'message': 'I just loved recipe! It was boring.', 'author': 'Charlie', 'timestamp': '2025-09-26 07:37:23', 'category': 'food', 'sentiment': 0.47, 'keyword_mentioned': 'recipe', 'message_length': 35}
2025-09-26 07:37:23 | INFO | db_path=WindowsPath('D:/projects/buzzline-05-USERape/data/buzz.sqlite')
2025-09-26 07:37:23 | INFO | Inserted one message into the database.
2025-09-26 07:37:28 | INFO | {'message': 'I just found a story! It was boring.', 'author': 'Bob', 'timestamp': '2025-09-26 07:37:28', 'category': 'other', 'sentiment': 0.17, 'keyword_mentioned': 'other', 'message_length': 36}
2025-09-26 07:37:28 | INFO | Processed message: {'message': 'I just found a story! It was boring.', 'author': 'Bob', 'timestamp': '2025-09-26 07:37:28', 'category': 'other', 'sentiment': 0.17, 'keyword_mentioned': 'other', 'message_length': 36}
2025-09-26 07:37:28 | INFO | Calling SQLite insert_message() with:
2025-09-26 07:37:28 | INFO | message={'message': 'I just found a story! It was boring.', 'author': 'Bob', 'timestamp': '2025-09-26 07:37:28', 'category': 'other', 'sentiment': 0.17, 'keyword_mentioned': 'other', 'message_length': 36}
2025-09-26 07:37:28 | INFO | db_path=WindowsPath('D:/projects/buzzline-05-USERape/data/buzz.sqlite')
2025-09-26 07:37:28 | INFO | Inserted one message into the database.
2025-09-26 07:37:33 | INFO | {'message': 'I just saw a movie! It was weird.', 'author': 'Eve', 'timestamp': '2025-09-26 07:37:33', 'category': 'entertainment', 'sentiment': 0.6, 'keyword_mentioned': 'movie', 'message_length': 33}
2025-09-26 07:37:33 | INFO | Processed message: {'message': 'I just saw a movie! It was weird.', 'author': 'Eve', 'timestamp': '2025-09-26 07:37:33', 'category': 'entertainment', 'sentiment': 0.6, 'keyword_mentioned': 'movie', 'message_length': 33}
2025-09-26 07:37:33 | INFO | Calling SQLite insert_message() with:
2025-09-26 07:37:33 | INFO | message={'message': 'I just saw a movie! It was weird.', 'author': 'Eve', 'timestamp': '2025-09-26 07:37:33', 'category': 'entertainment', 'sentiment': 0.6, 'keyword_mentioned': 'movie', 'message_length': 33}
2025-09-26 07:37:33 | INFO | db_path=WindowsPath('D:/projects/buzzline-05-USERape/data/buzz.sqlite')
2025-09-26 07:37:33 | INFO | Inserted one message into the database.
2025-09-26 07:37:38 | INFO | {'message': 'I just shared an app! It was exciting.', 'author': 'Alice', 'timestamp': '2025-09-26 07:37:38', 'category': 'other', 'sentiment': 0.28, 'keyword_mentioned': 'other', 'message_length': 38}
2025-09-26 07:37:38 | INFO | Processed message: {'message': 'I just shared an app! It was exciting.', 'author': 'Alice', 'timestamp': '2025-09-26 07:37:38', 'category': 'other', 'sentiment': 0.28, 'keyword_mentioned': 'other', 'message_length': 38}
2025-09-26 07:37:38 | INFO | Calling SQLite insert_message() with:
2025-09-26 07:37:38 | INFO | message={'message': 'I just shared an app! It was exciting.', 'author': 'Alice', 'timestamp': '2025-09-26 07:37:38', 'category': 'other', 'sentiment': 0.28, 'keyword_mentioned': 'other', 'message_length': 38}
2025-09-26 07:37:38 | INFO | db_path=WindowsPath('D:/projects/buzzline-05-USERape/data/buzz.sqlite')
2025-09-26 07:37:38 | INFO | Inserted one message into the database.
2025-09-26 07:37:43 | INFO | {'message': 'I just loved recipe! It was exciting.', 'author': 'Charlie', 'timestamp': '2025-09-26 07:37:43', 'category': 'food', 'sentiment': 0.32, 'keyword_mentioned': 'recipe', 'message_length': 37}
2025-09-26 07:37:43 | INFO | Processed message: {'message': 'I just loved recipe! It was exciting.', 'author': 'Charlie', 'timestamp': '2025-09-26 07:37:43', 'category': 'food', 'sentiment': 0.32, 'keyword_mentioned': 'recipe', 'message_length': 37}
2025-09-26 07:37:43 | INFO | Calling SQLite insert_message() with:
2025-09-26 07:37:43 | INFO | message={'message': 'I just loved recipe! It was exciting.', 'author': 'Charlie', 'timestamp': '2025-09-26 07:37:43', 'category': 'food', 'sentiment': 0.32, 'keyword_mentioned': 'recipe', 'message_length': 37}
2025-09-26 07:37:43 | INFO | db_path=WindowsPath('D:/projects/buzzline-05-USERape/data/buzz.sqlite')
2025-09-26 07:37:43 | INFO | Inserted one message into the database.
2025-09-26 07:37:48 | INFO | {'message': 'I just found a trick! It was boring.', 'author': 'Bob', 'timestamp': '2025-09-26 07:37:48', 'category': 'other', 'sentiment': 0.99, 'keyword_mentioned': 'other', 'message_length': 36}
2025-09-26 07:37:48 | INFO | Processed message: {'message': 'I just found a trick! It was boring.', 'author': 'Bob', 'timestamp': '2025-09-26 07:37:48', 'category': 'other', 'sentiment': 0.99, 'keyword_mentioned': 'other', 'message_length': 36}
2025-09-26 07:37:48 | INFO | Calling SQLite insert_message() with:
2025-09-26 07:37:48 | INFO | message={'message': 'I just found a trick! It was boring.', 'author': 'Bob', 'timestamp': '2025-09-26 07:37:48', 'category': 'other', 'sentiment': 0.99, 'keyword_mentioned': 'other', 'message_length': 36}
2025-09-26 07:37:48 | INFO | db_path=WindowsPath('D:/projects/buzzline-05-USERape/data/buzz.sqlite')
2025-09-26 07:37:48 | INFO | Inserted one message into the database.
2025-09-26 07:37:53 | INFO | {'message': 'I just shared travel! It was weird.', 'author': 'Charlie', 'timestamp': '2025-09-26 07:37:53', 'category': 'travel', 'sentiment': 0.21, 'keyword_mentioned': 'travel', 'message_length': 35}
2025-09-26 07:37:53 | INFO | Processed message: {'message': 'I just shared travel! It was weird.', 'author': 'Charlie', 'timestamp': '2025-09-26 07:37:53', 'category': 'travel', 'sentiment': 0.21, 'keyword_mentioned': 'travel', 'message_length': 35}
2025-09-26 07:37:53 | INFO | Calling SQLite insert_message() with:
2025-09-26 07:37:53 | INFO | message={'message': 'I just shared travel! It was weird.', 'author': 'Charlie', 'timestamp': '2025-09-26 07:37:53', 'category': 'travel', 'sentiment': 0.21, 'keyword_mentioned': 'travel', 'message_length': 35}
2025-09-26 07:37:53 | INFO | db_path=WindowsPath('D:/projects/buzzline-05-USERape/data/buzz.sqlite')
2025-09-26 07:37:53 | INFO | Inserted one message into the database.
2025-09-26 07:37:58 | INFO | {'message': 'I just loved a meme! It was amazing.', 'author': 'Bob', 'timestamp': '2025-09-26 07:37:58', 'category': 'humor', 'sentiment': 0.87, 'keyword_mentioned': 'meme', 'message_length': 36}
2025-09-26 07:37:58 | INFO | Processed message: {'message': 'I just loved a meme! It was amazing.', 'author': 'Bob', 'timestamp': '2025-09-26 07:37:58', 'category': 'humor', 'sentiment': 0.87, 'keyword_mentioned': 'meme', 'message_length': 36}
2025-09-26 07:37:58 | INFO | Calling SQLite insert_message() with:
2025-09-26 07:37:58 | INFO | message={'message': 'I just loved a meme! It was amazing.', 'author': 'Bob', 'timestamp': '2025-09-26 07:37:58', 'category': 'humor', 'sentiment': 0.87, 'keyword_mentioned': 'meme', 'message_length': 36}
2025-09-26 07:37:58 | INFO | db_path=WindowsPath('D:/projects/buzzline-05-USERape/data/buzz.sqlite')
2025-09-26 07:37:58 | INFO | Inserted one message into the database.
2025-09-26 07:38:03 | INFO | {'message': 'I just shared recipe! It was boring.', 'author': 'Bob', 'timestamp': '2025-09-26 07:38:03', 'category': 'food', 'sentiment': 0.69, 'keyword_mentioned': 'recipe', 'message_length': 36}
2025-09-26 07:38:03 | INFO | Processed message: {'message': 'I just shared recipe! It was boring.', 'author': 'Bob', 'timestamp': '2025-09-26 07:38:03', 'category': 'food', 'sentiment': 0.69, 'keyword_mentioned': 'recipe', 'message_length': 36}
2025-09-26 07:38:03 | INFO | Calling SQLite insert_message() with:
2025-09-26 07:38:03 | INFO | message={'message': 'I just shared recipe! It was boring.', 'author': 'Bob', 'timestamp': '2025-09-26 07:38:03', 'category': 'food', 'sentiment': 0.69, 'keyword_mentioned': 'recipe', 'message_length': 36}
2025-09-26 07:38:03 | INFO | db_path=WindowsPath('D:/projects/buzzline-05-USERape/data/buzz.sqlite')
2025-09-26 07:38:03 | INFO | Inserted one message into the database.
2025-09-26 07:38:08 | INFO | {'message': 'I just saw a trick! It was funny.', 'author': 'Eve', 'timestamp': '2025-09-26 07:38:08', 'category': 'other', 'sentiment': 0.09, 'keyword_mentioned': 'other', 'message_length': 33}
2025-09-26 07:38:08 | INFO | Processed message: {'message': 'I just saw a trick! It was funny.', 'author': 'Eve', 'timestamp': '2025-09-26 07:38:08', 'category': 'other', 'sentiment': 0.09, 'keyword_mentioned': 'other', 'message_length': 33}
2025-09-26 07:38:08 | INFO | Calling SQLite insert_message() with:
2025-09-26 07:38:08 | INFO | message={'message': 'I just saw a trick! It was funny.', 'author': 'Eve', 'timestamp': '2025-09-26 07:38:08', 'category': 'other', 'sentiment': 0.09, 'keyword_mentioned': 'other', 'message_length': 33}
2025-09-26 07:38:08 | INFO | db_path=WindowsPath('D:/projects/buzzline-05-USERape/data/buzz.sqlite')
2025-09-26 07:38:08 | INFO | Inserted one message into the database.
2025-09-26 07:38:13 | INFO | {'message': 'I just loved a trick! It was amazing.', 'author': 'Bob', 'timestamp': '2025-09-26 07:38:13', 'category': 'other', 'sentiment': 0.76, 'keyword_mentioned': 'other', 'message_length': 37}
2025-09-26 07:38:13 | INFO | Processed message: {'message': 'I just loved a trick! It was amazing.', 'author': 'Bob', 'timestamp': '2025-09-26 07:38:13', 'category': 'other', 'sentiment': 0.76, 'keyword_mentioned': 'other', 'message_length': 37}
2025-09-26 07:38:13 | INFO | Calling SQLite insert_message() with:
2025-09-26 07:38:13 | INFO | message={'message': 'I just loved a trick! It was amazing.', 'author': 'Bob', 'timestamp': '2025-09-26 07:38:13', 'category': 'other', 'sentiment': 0.76, 'keyword_mentioned': 'other', 'message_length': 37}
2025-09-26 07:38:13 | INFO | db_path=WindowsPath('D:/projects/buzzline-05-USERape/data/buzz.sqlite')
2025-09-26 07:38:13 | INFO | Inserted one message into the database.
2025-09-26 07:38:18 | INFO | {'message': 'I just saw game! It was weird.', 'author': 'Eve', 'timestamp': '2025-09-26 07:38:18', 'category': 'gaming', 'sentiment': 0.46, 'keyword_mentioned': 'game', 'message_length': 30}
2025-09-26 07:38:18 | INFO | Processed message: {'message': 'I just saw game! It was weird.', 'author': 'Eve', 'timestamp': '2025-09-26 07:38:18', 'category': 'gaming', 'sentiment': 0.46, 'keyword_mentioned': 'game', 'message_length': 30}
2025-09-26 07:38:18 | INFO | Calling SQLite insert_message() with:
2025-09-26 07:38:18 | INFO | message={'message': 'I just saw game! It was weird.', 'author': 'Eve', 'timestamp': '2025-09-26 07:38:18', 'category': 'gaming', 'sentiment': 0.46, 'keyword_mentioned': 'game', 'message_length': 30}
2025-09-26 07:38:18 | INFO | db_path=WindowsPath('D:/projects/buzzline-05-USERape/data/buzz.sqlite')
2025-09-26 07:38:18 | INFO | Inserted one message into the database.
2025-09-26 07:38:23 | INFO | {'message': 'I just found a story! It was amazing.', 'author': 'Eve', 'timestamp': '2025-09-26 07:38:23', 'category': 'other', 'sentiment': 0.4, 'keyword_mentioned': 'other', 'message_length': 37}
2025-09-26 07:38:23 | INFO | Processed message: {'message': 'I just found a story! It was amazing.', 'author': 'Eve', 'timestamp': '2025-09-26 07:38:23', 'category': 'other', 'sentiment': 0.4, 'keyword_mentioned': 'other', 'message_length': 37}
2025-09-26 07:38:23 | INFO | Calling SQLite insert_message() with:
2025-09-26 07:38:23 | INFO | message={'message': 'I just found a story! It was amazing.', 'author': 'Eve', 'timestamp': '2025-09-26 07:38:23', 'category': 'other', 'sentiment': 0.4, 'keyword_mentioned': 'other', 'message_length': 37}
2025-09-26 07:38:23 | INFO | db_path=WindowsPath('D:/projects/buzzline-05-USERape/data/buzz.sqlite')
2025-09-26 07:38:23 | INFO | Inserted one message into the database.
2025-09-26 07:38:28 | INFO | {'message': 'I just tried an app! It was amazing.', 'author': 'Eve', 'timestamp': '2025-09-26 07:38:28', 'category': 'other', 'sentiment': 0.09, 'keyword_mentioned': 'other', 'message_length': 36}
2025-09-26 07:38:28 | INFO | Processed message: {'message': 'I just tried an app! It was amazing.', 'author': 'Eve', 'timestamp': '2025-09-26 07:38:28', 'category': 'other', 'sentiment': 0.09, 'keyword_mentioned': 'other', 'message_length': 36}
2025-09-26 07:38:28 | INFO | Calling SQLite insert_message() with:
2025-09-26 07:38:28 | INFO | message={'message': 'I just tried an app! It was amazing.', 'author': 'Eve', 'timestamp': '2025-09-26 07:38:28', 'category': 'other', 'sentiment': 0.09, 'keyword_mentioned': 'other', 'message_length': 36}
2025-09-26 07:38:28 | INFO | db_path=WindowsPath('D:/projects/buzzline-05-USERape/data/buzz.sqlite')
2025-09-26 07:38:28 | INFO | Inserted one message into the database.
2025-09-26 07:38:33 | INFO | {'message': 'I just shared recipe! It was funny.', 'author': 'Charlie', 'timestamp': '2025-09-26 07:38:33', 'category': 'food', 'sentiment': 0.53, 'keyword_mentioned': 'recipe', 'message_length': 35}
2025-09-26 07:38:33 | INFO | Processed message: {'message': 'I just shared recipe! It was funny.', 'author': 'Charlie', 'timestamp': '2025-09-26 07:38:33', 'category': 'food', 'sentiment': 0.53, 'keyword_mentioned': 'recipe', 'message_length': 35}
2025-09-26 07:38:33 | INFO | Calling SQLite insert_message() with:
2025-09-26 07:38:33 | INFO | message={'message': 'I just shared recipe! It was funny.', 'author': 'Charlie', 'timestamp': '2025-09-26 07:38:33', 'category': 'food', 'sentiment': 0.53, 'keyword_mentioned': 'recipe', 'message_length': 35}
2025-09-26 07:38:33 | INFO | db_path=WindowsPath('D:/projects/buzzline-05-USERape/data/buzz.sqlite')
2025-09-26 07:38:33 | INFO | Inserted one message into the database.
2025-09-26 07:38:38 | INFO | {'message': 'I just saw a meme! It was weird.', 'author': 'Alice', 'timestamp': '2025-09-26 07:38:38', 'category': 'humor', 'sentiment': 0.75, 'keyword_mentioned': 'meme', 'message_length': 32}
2025-09-26 07:38:38 | INFO | Processed message: {'message': 'I just saw a meme! It was weird.', 'author': 'Alice', 'timestamp': '2025-09-26 07:38:38', 'category': 'humor', 'sentiment': 0.75, 'keyword_mentioned': 'meme', 'message_length': 32}
2025-09-26 07:38:38 | INFO | Calling SQLite insert_message() with:
2025-09-26 07:38:38 | INFO | message={'message': 'I just saw a meme! It was weird.', 'author': 'Alice', 'timestamp': '2025-09-26 07:38:38', 'category': 'humor', 'sentiment': 0.75, 'keyword_mentioned': 'meme', 'message_length': 32}
2025-09-26 07:38:38 | INFO | db_path=WindowsPath('D:/projects/buzzline-05-USERape/data/buzz.sqlite')
2025-09-26 07:38:38 | INFO | Inserted one message into the database.
2025-09-26 07:38:43 | INFO | {'message': 'I just loved travel! It was amazing.', 'author': 'Eve', 'timestamp': '2025-09-26 07:38:43', 'category': 'travel', 'sentiment': 0.55, 'keyword_mentioned': 'travel', 'message_length': 36}
2025-09-26 07:38:43 | INFO | Processed message: {'message': 'I just loved travel! It was amazing.', 'author': 'Eve', 'timestamp': '2025-09-26 07:38:43', 'category': 'travel', 'sentiment': 0.55, 'keyword_mentioned': 'travel', 'message_length': 36}
2025-09-26 07:38:43 | INFO | Calling SQLite insert_message() with:
2025-09-26 07:38:43 | INFO | message={'message': 'I just loved travel! It was amazing.', 'author': 'Eve', 'timestamp': '2025-09-26 07:38:43', 'category': 'travel', 'sentiment': 0.55, 'keyword_mentioned': 'travel', 'message_length': 36}
2025-09-26 07:38:43 | INFO | db_path=WindowsPath('D:/projects/buzzline-05-USERape/data/buzz.sqlite')
2025-09-26 07:38:43 | INFO | Inserted one message into the database.
2025-09-26 07:38:48 | INFO | {'message': 'I just found game! It was boring.', 'author': 'Alice', 'timestamp': '2025-09-26 07:38:48', 'category': 'gaming', 'sentiment': 0.26, 'keyword_mentioned': 'game', 'message_length': 33}
2025-09-26 07:38:48 | INFO | Processed message: {'message': 'I just found game! It was boring.', 'author': 'Alice', 'timestamp': '2025-09-26 07:38:48', 'category': 'gaming', 'sentiment': 0.26, 'keyword_mentioned': 'game', 'message_length': 33}
2025-09-26 07:38:48 | INFO | Calling SQLite insert_message() with:
2025-09-26 07:38:48 | INFO | message={'message': 'I just found game! It was boring.', 'author': 'Alice', 'timestamp': '2025-09-26 07:38:48', 'category': 'gaming', 'sentiment': 0.26, 'keyword_mentioned': 'game', 'message_length': 33}
2025-09-26 07:38:48 | INFO | db_path=WindowsPath('D:/projects/buzzline-05-USERape/data/buzz.sqlite')
2025-09-26 07:38:48 | INFO | Inserted one message into the database.
2025-09-26 07:38:53 | INFO | {'message': 'I just loved travel! It was funny.', 'author': 'Charlie', 'timestamp': '2025-09-26 07:38:53', 'category': 'travel', 'sentiment': 0.55, 'keyword_mentioned': 'travel', 'message_length': 34}
2025-09-26 07:38:53 | INFO | Processed message: {'message': 'I just loved travel! It was funny.', 'author': 'Charlie', 'timestamp': '2025-09-26 07:38:53', 'category': 'travel', 'sentiment': 0.55, 'keyword_mentioned': 'travel', 'message_length': 34}
2025-09-26 07:38:53 | INFO | Calling SQLite insert_message() with:
2025-09-26 07:38:53 | INFO | message={'message': 'I just loved travel! It was funny.', 'author': 'Charlie', 'timestamp': '2025-09-26 07:38:53', 'category': 'travel', 'sentiment': 0.55, 'keyword_mentioned': 'travel', 'message_length': 34}
2025-09-26 07:38:53 | INFO | db_path=WindowsPath('D:/projects/buzzline-05-USERape/data/buzz.sqlite')
2025-09-26 07:38:53 | INFO | Inserted one message into the database.
2025-09-26 07:38:58 | INFO | {'message': 'I just shared a movie! It was boring.', 'author': 'Charlie', 'timestamp': '2025-09-26 07:38:58', 'category': 'entertainment', 'sentiment': 0.11, 'keyword_mentioned': 'movie', 'message_length': 37}
2025-09-26 07:38:58 | INFO | Processed message: {'message': 'I just shared a movie! It was boring.', 'author': 'Charlie', 'timestamp': '2025-09-26 07:38:58', 'category': 'entertainment', 'sentiment': 0.11, 'keyword_mentioned': 'movie', 'message_length': 37}
2025-09-26 07:38:58 | INFO | Calling SQLite insert_message() with:
2025-09-26 07:38:58 | INFO | message={'message': 'I just shared a movie! It was boring.', 'author': 'Charlie', 'timestamp': '2025-09-26 07:38:58', 'category': 'entertainment', 'sentiment': 0.11, 'keyword_mentioned': 'movie', 'message_length': 37}
2025-09-26 07:38:58 | INFO | db_path=WindowsPath('D:/projects/buzzline-05-USERape/data/buzz.sqlite')
2025-09-26 07:38:58 | INFO | Inserted one message into the database.
2025-09-26 07:39:03 | INFO | {'message': 'I just shared Python! It was boring.', 'author': 'Eve', 'timestamp': '2025-09-26 07:39:03', 'category': 'tech', 'sentiment': 0.15, 'keyword_mentioned': 'Python', 'message_length': 36}
2025-09-26 07:39:03 | INFO | Processed message: {'message': 'I just shared Python! It was boring.', 'author': 'Eve', 'timestamp': '2025-09-26 07:39:03', 'category': 'tech', 'sentiment': 0.15, 'keyword_mentioned': 'Python', 'message_length': 36}
2025-09-26 07:39:03 | INFO | Calling SQLite insert_message() with:
2025-09-26 07:39:03 | INFO | message={'message': 'I just shared Python! It was boring.', 'author': 'Eve', 'timestamp': '2025-09-26 07:39:03', 'category': 'tech', 'sentiment': 0.15, 'keyword_mentioned': 'Python', 'message_length': 36}
2025-09-26 07:39:03 | INFO | db_path=WindowsPath('D:/projects/buzzline-05-USERape/data/buzz.sqlite')
2025-09-26 07:39:03 | INFO | Inserted one message into the database.
2025-09-26 07:39:08 | INFO | {'message': 'I just loved game! It was funny.', 'author': 'Bob', 'timestamp': '2025-09-26 07:39:08', 'category': 'gaming', 'sentiment': 0.67, 'keyword_mentioned': 'game', 'message_length': 32}
2025-09-26 07:39:08 | INFO | Processed message: {'message': 'I just loved game! It was funny.', 'author': 'Bob', 'timestamp': '2025-09-26 07:39:08', 'category': 'gaming', 'sentiment': 0.67, 'keyword_mentioned': 'game', 'message_length': 32}
2025-09-26 07:39:08 | INFO | Calling SQLite insert_message() with:
2025-09-26 07:39:08 | INFO | message={'message': 'I just loved game! It was funny.', 'author': 'Bob', 'timestamp': '2025-09-26 07:39:08', 'category': 'gaming', 'sentiment': 0.67, 'keyword_mentioned': 'game', 'message_length': 32}
2025-09-26 07:39:08 | INFO | db_path=WindowsPath('D:/projects/buzzline-05-USERape/data/buzz.sqlite')
2025-09-26 07:39:08 | INFO | Inserted one message into the database.
2025-09-26 07:39:13 | INFO | {'message': 'I just found Python! It was exciting.', 'author': 'Eve', 'timestamp': '2025-09-26 07:39:13', 'category': 'tech', 'sentiment': 0.86, 'keyword_mentioned': 'Python', 'message_length': 37}
2025-09-26 07:39:13 | INFO | Processed message: {'message': 'I just found Python! It was exciting.', 'author': 'Eve', 'timestamp': '2025-09-26 07:39:13', 'category': 'tech', 'sentiment': 0.86, 'keyword_mentioned': 'Python', 'message_length': 37}
2025-09-26 07:39:13 | INFO | Calling SQLite insert_message() with:
2025-09-26 07:39:13 | INFO | message={'message': 'I just found Python! It was exciting.', 'author': 'Eve', 'timestamp': '2025-09-26 07:39:13', 'category': 'tech', 'sentiment': 0.86, 'keyword_mentioned': 'Python', 'message_length': 37}
2025-09-26 07:39:13 | INFO | db_path=WindowsPath('D:/projects/buzzline-05-USERape/data/buzz.sqlite')
2025-09-26 07:39:13 | INFO | Inserted one message into the database.
2025-09-26 07:39:18 | INFO | {'message': 'I just found a story! It was amazing.', 'author': 'Charlie', 'timestamp': '2025-09-26 07:39:18', 'category': 'other', 'sentiment': 0.78, 'keyword_mentioned': 'other', 'message_length': 37}
2025-09-26 07:39:18 | INFO | Processed message: {'message': 'I just found a story! It was amazing.', 'author': 'Charlie', 'timestamp': '2025-09-26 07:39:18', 'category': 'other', 'sentiment': 0.78, 'keyword_mentioned': 'other', 'message_length': 37}
2025-09-26 07:39:18 | INFO | Calling SQLite insert_message() with:
2025-09-26 07:39:18 | INFO | db_path=WindowsPath('D:/projects/buzzline-05-USERape/data/buzz.sqlite')
2025-09-26 07:39:18 | INFO | Inserted one message into the database.
