2025-09-28 19:15:13 | INFO | {'message': 'I just shared a storypython! It was boring.', 'author': 'Eve', 'timestamp': '2025-09-28 19:15:13', 'category': 'other', 'sentiment': 0.74, 'keyword_mentioned': 'other', 'message_length': 43}
2025-09-28 19:15:13 | INFO | Sent to topic 'buzzline_db': {'message': 'I just shared a storypython! It was boring.', 'author': 'Eve', 'timestamp': '2025-09-28 19:15:13', 'category': 'other', 'sentiment': 0.74, 'keyword_mentioned': 'other', 'message_length': 43}
2025-09-28 19:15:13 | INFO | Called process_message() with:
2025-09-28 19:15:13 | INFO |    message={'message': 'I just shared a storypython! It was boring.', 'author': 'Eve', 'timestamp': '2025-09-28 19:15:13', 'category': 'other', 'sentiment': 0.74, 'keyword_mentioned': 'other', 'message_length': 43}
2025-09-28 19:15:13 | INFO | Processed message: {'message': 'I just shared a storypython! It was boring.', 'author': 'Eve', 'category': 'other', 'sentiment': 0.74, 'keyword_mentioned': 'other', 'message_length': 43}
2025-09-28 19:15:13 | INFO | Calling SQLite insert_message() with:
2025-09-28 19:15:13 | INFO | message={'message': 'I just shared a storypython! It was boring.', 'author': 'Eve', 'category': 'other', 'sentiment': 0.74, 'keyword_mentioned': 'other', 'message_length': 43}
2025-09-28 19:15:13 | INFO | db_path=WindowsPath('D:/projects/buzzline-05-USERape/data/buzz.sqlite')
2025-09-28 19:15:13 | INFO | Inserted one message into the database.
2025-09-28 19:15:13 | INFO | Calling Postgres insert_message() with:
2025-09-28 19:15:13 | INFO | message={'message': 'I just shared a storypython! It was boring.', 'author': 'Eve', 'category': 'other', 'sentiment': 0.74, 'keyword_mentioned': 'other', 'message_length': 43}
2025-09-28 19:15:14 | INFO | Inserted one message into the database.
2025-09-28 19:15:18 | INFO | {'message': 'I just shared a storypython! It was boring.', 'author': 'Charlie', 'timestamp': '2025-09-28 19:15:18', 'category': 'other', 'sentiment': 0.89, 'keyword_mentioned': 'other', 'message_length': 43}
2025-09-28 19:15:18 | INFO | Sent to topic 'buzzline_db': {'message': 'I just shared a storypython! It was boring.', 'author': 'Charlie', 'timestamp': '2025-09-28 19:15:18', 'category': 'other', 'sentiment': 0.89, 'keyword_mentioned': 'other', 'message_length': 43}
2025-09-28 19:15:18 | INFO | Called process_message() with:
2025-09-28 19:15:18 | INFO |    message={'message': 'I just shared a storypython! It was boring.', 'author': 'Charlie', 'timestamp': '2025-09-28 19:15:18', 'category': 'other', 'sentiment': 0.89, 'keyword_mentioned': 'other', 'message_length': 43}
2025-09-28 19:15:18 | INFO | Processed message: {'message': 'I just shared a storypython! It was boring.', 'author': 'Charlie', 'category': 'other', 'sentiment': 0.89, 'keyword_mentioned': 'other', 'message_length': 43}
2025-09-28 19:15:18 | INFO | Calling SQLite insert_message() with:
2025-09-28 19:15:18 | INFO | message={'message': 'I just shared a storypython! It was boring.', 'author': 'Charlie', 'category': 'other', 'sentiment': 0.89, 'keyword_mentioned': 'other', 'message_length': 43}
2025-09-28 19:15:18 | INFO | db_path=WindowsPath('D:/projects/buzzline-05-USERape/data/buzz.sqlite')
2025-09-28 19:15:18 | INFO | Inserted one message into the database.
2025-09-28 19:15:18 | INFO | Calling Postgres insert_message() with:
2025-09-28 19:15:18 | INFO | message={'message': 'I just shared a storypython! It was boring.', 'author': 'Charlie', 'category': 'other', 'sentiment': 0.89, 'keyword_mentioned': 'other', 'message_length': 43}
2025-09-28 19:15:19 | INFO | Inserted one message into the database.
2025-09-28 19:15:23 | INFO | {'message': 'I just tried a meme! It was boring.', 'author': 'Charlie', 'timestamp': '2025-09-28 19:15:23', 'category': 'humor', 'sentiment': 0.02, 'keyword_mentioned': 'meme', 'message_length': 35}
2025-09-28 19:15:25 | INFO | Sent to topic 'buzzline_db': {'message': 'I just tried a meme! It was boring.', 'author': 'Charlie', 'timestamp': '2025-09-28 19:15:23', 'category': 'humor', 'sentiment': 0.02, 'keyword_mentioned': 'meme', 'message_length': 35}
2025-09-28 19:15:25 | INFO | Called process_message() with:
2025-09-28 19:15:25 | INFO |    message={'message': 'I just tried a meme! It was boring.', 'author': 'Charlie', 'timestamp': '2025-09-28 19:15:23', 'category': 'humor', 'sentiment': 0.02, 'keyword_mentioned': 'meme', 'message_length': 35}
2025-09-28 19:15:25 | INFO | Processed message: {'message': 'I just tried a meme! It was boring.', 'author': 'Charlie', 'category': 'humor', 'sentiment': 0.02, 'keyword_mentioned': 'meme', 'message_length': 35}
2025-09-28 19:15:25 | INFO | Calling SQLite insert_message() with:
2025-09-28 19:15:25 | INFO | message={'message': 'I just tried a meme! It was boring.', 'author': 'Charlie', 'category': 'humor', 'sentiment': 0.02, 'keyword_mentioned': 'meme', 'message_length': 35}
2025-09-28 19:15:25 | INFO | db_path=WindowsPath('D:/projects/buzzline-05-USERape/data/buzz.sqlite')
2025-09-28 19:15:25 | INFO | Inserted one message into the database.
2025-09-28 19:15:25 | INFO | Calling Postgres insert_message() with:
2025-09-28 19:15:25 | INFO | message={'message': 'I just tried a meme! It was boring.', 'author': 'Charlie', 'category': 'humor', 'sentiment': 0.02, 'keyword_mentioned': 'meme', 'message_length': 35}
2025-09-28 19:15:25 | INFO | Inserted one message into the database.
2025-09-28 19:15:30 | INFO | {'message': 'I just found travel! It was weird.', 'author': 'Charlie', 'timestamp': '2025-09-28 19:15:30', 'category': 'travel', 'sentiment': 0.13, 'keyword_mentioned': 'travel', 'message_length': 34}
2025-09-28 19:15:30 | INFO | Sent to topic 'buzzline_db': {'message': 'I just found travel! It was weird.', 'author': 'Charlie', 'timestamp': '2025-09-28 19:15:30', 'category': 'travel', 'sentiment': 0.13, 'keyword_mentioned': 'travel', 'message_length': 34}
2025-09-28 19:15:30 | INFO | Called process_message() with:
2025-09-28 19:15:30 | INFO |    message={'message': 'I just found travel! It was weird.', 'author': 'Charlie', 'timestamp': '2025-09-28 19:15:30', 'category': 'travel', 'sentiment': 0.13, 'keyword_mentioned': 'travel', 'message_length': 34}
2025-09-28 19:15:30 | INFO | Processed message: {'message': 'I just found travel! It was weird.', 'author': 'Charlie', 'category': 'travel', 'sentiment': 0.13, 'keyword_mentioned': 'travel', 'message_length': 34}
2025-09-28 19:15:30 | INFO | Calling SQLite insert_message() with:
2025-09-28 19:15:30 | INFO | message={'message': 'I just found travel! It was weird.', 'author': 'Charlie', 'category': 'travel', 'sentiment': 0.13, 'keyword_mentioned': 'travel', 'message_length': 34}
2025-09-28 19:15:30 | INFO | db_path=WindowsPath('D:/projects/buzzline-05-USERape/data/buzz.sqlite')
2025-09-28 19:15:30 | INFO | Inserted one message into the database.
2025-09-28 19:15:30 | INFO | Calling Postgres insert_message() with:
2025-09-28 19:15:30 | INFO | message={'message': 'I just found travel! It was weird.', 'author': 'Charlie', 'category': 'travel', 'sentiment': 0.13, 'keyword_mentioned': 'travel', 'message_length': 34}
2025-09-28 19:15:30 | INFO | Inserted one message into the database.
2025-09-28 19:15:31 | WARNING | Consumer interrupted by user.
2025-09-28 19:15:31 | INFO | Consumer shutting down.
2025-09-28 19:15:35 | INFO | {'message': 'I just found JavaScript! It was funny.', 'author': 'Bob', 'timestamp': '2025-09-28 19:15:35', 'category': 'tech', 'sentiment': 0.85, 'keyword_mentioned': 'JavaScript', 'message_length': 38}
2025-09-28 19:15:35 | INFO | Sent to topic 'buzzline_db': {'message': 'I just found JavaScript! It was funny.', 'author': 'Bob', 'timestamp': '2025-09-28 19:15:35', 'category': 'tech', 'sentiment': 0.85, 'keyword_mentioned': 'JavaScript', 'message_length': 38}
2025-09-28 19:15:40 | INFO | {'message': 'I just loved a trick! It was boring.', 'author': 'Alice', 'timestamp': '2025-09-28 19:15:40', 'category': 'other', 'sentiment': 0.07, 'keyword_mentioned': 'other', 'message_length': 36}
2025-09-28 19:15:40 | INFO | Sent to topic 'buzzline_db': {'message': 'I just loved a trick! It was boring.', 'author': 'Alice', 'timestamp': '2025-09-28 19:15:40', 'category': 'other', 'sentiment': 0.07, 'keyword_mentioned': 'other', 'message_length': 36}
2025-09-28 19:15:42 | INFO | Logging to file: logs/project_log.log
2025-09-28 19:15:42 | INFO | Log sanitization enabled, personal info removed
2025-09-28 19:15:42 | INFO | Starting Consumer to run continuously.
2025-09-28 19:15:42 | INFO | MESSAGE_INTERVAL_SECONDS: 5
2025-09-28 19:15:42 | INFO | BASE_DATA_DIR: D:/projects/buzzline-05-USERape/data
2025-09-28 19:15:42 | INFO | LIVE_DATA_PATH: D:/projects/buzzline-05-USERape/data/project_live.json
2025-09-28 19:15:42 | INFO | BASE_DATA_DIR: D:/projects/buzzline-05-USERape/data
2025-09-28 19:15:42 | INFO | SQLITE_PATH: D:/projects/buzzline-05-USERape/data/buzz.sqlite
2025-09-28 19:15:42 | INFO | SUCCESS: Read environment variables.
2025-09-28 19:15:42 | INFO | SUCCESS: Deleted SQLite database file.
2025-09-28 19:15:42 | INFO | STEP 3. Initialize a new database with an empty table.
2025-09-28 19:15:42 | INFO | Calling SQLite init_sqlite_db() with db_path=WindowsPath('D:/projects/buzzline-05-USERape/data/buzz.sqlite').
2025-09-28 19:15:42 | INFO | SUCCESS: Got a cursor to execute SQL.
2025-09-28 19:15:42 | INFO | SUCCESS: Database initialized and table ready at D:/projects/buzzline-05-USERape/data/buzz.sqlite.
2025-09-28 19:15:42 | INFO | Calling Postgres init_db() with db_config={'dbname': 'postgres', 'user': 'postgres', 'password': 'Bestmom@12', 'host': 'localhost', 'port': 5432}
2025-09-28 19:15:42 | INFO | SUCCESS: Database initialized and table ready.
2025-09-28 19:15:42 | INFO | Called consume_messages_from_file()
2025-09-28 19:15:42 | INFO | Processed message: {'message': 'I just tried Python! It was exciting.', 'author': 'Alice', 'category': 'tech', 'sentiment': 0.55, 'keyword_mentioned': 'Python', 'message_length': 37}
2025-09-28 19:15:42 | INFO | Calling SQLite insert_message() with:
2025-09-28 19:15:42 | INFO | message={'message': 'I just tried Python! It was exciting.', 'author': 'Alice', 'category': 'tech', 'sentiment': 0.55, 'keyword_mentioned': 'Python', 'message_length': 37}
2025-09-28 19:15:42 | INFO | db_path=WindowsPath('D:/projects/buzzline-05-USERape/data/buzz.sqlite')
2025-09-28 19:15:42 | INFO | Inserted one message into the database.
2025-09-28 19:15:42 | INFO | Calling Postgres insert_message() with:
2025-09-28 19:15:42 | INFO | message={'message': 'I just tried Python! It was exciting.', 'author': 'Alice', 'category': 'tech', 'sentiment': 0.55, 'keyword_mentioned': 'Python', 'message_length': 37}
2025-09-28 19:15:42 | INFO | Inserted one message into the database.
2025-09-28 19:15:42 | INFO | Processed message: {'message': 'I just found a movie! It was amazing.', 'author': 'Bob', 'category': 'entertainment', 'sentiment': 0.15, 'keyword_mentioned': 'movie', 'message_length': 37}
2025-09-28 19:15:42 | INFO | Calling SQLite insert_message() with:
2025-09-28 19:15:42 | INFO | message={'message': 'I just found a movie! It was amazing.', 'author': 'Bob', 'category': 'entertainment', 'sentiment': 0.15, 'keyword_mentioned': 'movie', 'message_length': 37}
2025-09-28 19:15:42 | INFO | db_path=WindowsPath('D:/projects/buzzline-05-USERape/data/buzz.sqlite')
2025-09-28 19:15:42 | INFO | Inserted one message into the database.
2025-09-28 19:15:42 | INFO | Calling Postgres insert_message() with:
2025-09-28 19:15:42 | INFO | message={'message': 'I just found a movie! It was amazing.', 'author': 'Bob', 'category': 'entertainment', 'sentiment': 0.15, 'keyword_mentioned': 'movie', 'message_length': 37}
2025-09-28 19:15:42 | INFO | Inserted one message into the database.
2025-09-28 19:15:42 | INFO | Processed message: {'message': 'I just shared recipe! It was boring.', 'author': 'Charlie', 'category': 'food', 'sentiment': 0.22, 'keyword_mentioned': 'recipe', 'message_length': 36}
2025-09-28 19:15:42 | INFO | Calling SQLite insert_message() with:
2025-09-28 19:15:42 | INFO | message={'message': 'I just shared recipe! It was boring.', 'author': 'Charlie', 'category': 'food', 'sentiment': 0.22, 'keyword_mentioned': 'recipe', 'message_length': 36}
2025-09-28 19:15:42 | INFO | db_path=WindowsPath('D:/projects/buzzline-05-USERape/data/buzz.sqlite')
2025-09-28 19:15:42 | INFO | Inserted one message into the database.
2025-09-28 19:15:42 | INFO | Calling Postgres insert_message() with:
2025-09-28 19:15:42 | INFO | message={'message': 'I just shared recipe! It was boring.', 'author': 'Charlie', 'category': 'food', 'sentiment': 0.22, 'keyword_mentioned': 'recipe', 'message_length': 36}
2025-09-28 19:15:43 | INFO | Inserted one message into the database.
2025-09-28 19:15:43 | INFO | Processed message: {'message': 'I just tried a movie! It was funny.', 'author': 'Alice', 'category': 'entertainment', 'sentiment': 0.78, 'keyword_mentioned': 'movie', 'message_length': 35}
2025-09-28 19:15:43 | INFO | Calling SQLite insert_message() with:
2025-09-28 19:15:43 | INFO | message={'message': 'I just tried a movie! It was funny.', 'author': 'Alice', 'category': 'entertainment', 'sentiment': 0.78, 'keyword_mentioned': 'movie', 'message_length': 35}
2025-09-28 19:15:43 | INFO | db_path=WindowsPath('D:/projects/buzzline-05-USERape/data/buzz.sqlite')
2025-09-28 19:15:43 | INFO | Inserted one message into the database.
2025-09-28 19:15:43 | INFO | Calling Postgres insert_message() with:
2025-09-28 19:15:43 | INFO | message={'message': 'I just tried a movie! It was funny.', 'author': 'Alice', 'category': 'entertainment', 'sentiment': 0.78, 'keyword_mentioned': 'movie', 'message_length': 35}
2025-09-28 19:15:43 | INFO | Inserted one message into the database.
2025-09-28 19:15:43 | INFO | Processed message: {'message': 'I just tried game! It was amazing.', 'author': 'Bob', 'category': 'gaming', 'sentiment': 0.98, 'keyword_mentioned': 'game', 'message_length': 34}
2025-09-28 19:15:43 | INFO | Calling SQLite insert_message() with:
2025-09-28 19:15:43 | INFO | message={'message': 'I just tried game! It was amazing.', 'author': 'Bob', 'category': 'gaming', 'sentiment': 0.98, 'keyword_mentioned': 'game', 'message_length': 34}
2025-09-28 19:15:43 | INFO | db_path=WindowsPath('D:/projects/buzzline-05-USERape/data/buzz.sqlite')
2025-09-28 19:15:43 | INFO | Inserted one message into the database.
2025-09-28 19:15:43 | INFO | Calling Postgres insert_message() with:
2025-09-28 19:15:43 | INFO | message={'message': 'I just tried game! It was amazing.', 'author': 'Bob', 'category': 'gaming', 'sentiment': 0.98, 'keyword_mentioned': 'game', 'message_length': 34}
2025-09-28 19:15:43 | INFO | Inserted one message into the database.
2025-09-28 19:15:43 | INFO | Processed message: {'message': 'I just loved a movie! It was funny.', 'author': 'Bob', 'category': 'entertainment', 'sentiment': 0.06, 'keyword_mentioned': 'movie', 'message_length': 35}
2025-09-28 19:15:43 | INFO | Calling SQLite insert_message() with:
2025-09-28 19:15:43 | INFO | message={'message': 'I just loved a movie! It was funny.', 'author': 'Bob', 'category': 'entertainment', 'sentiment': 0.06, 'keyword_mentioned': 'movie', 'message_length': 35}
2025-09-28 19:15:43 | INFO | db_path=WindowsPath('D:/projects/buzzline-05-USERape/data/buzz.sqlite')
2025-09-28 19:15:43 | INFO | Inserted one message into the database.
2025-09-28 19:15:43 | INFO | Calling Postgres insert_message() with:
2025-09-28 19:15:43 | INFO | message={'message': 'I just loved a movie! It was funny.', 'author': 'Bob', 'category': 'entertainment', 'sentiment': 0.06, 'keyword_mentioned': 'movie', 'message_length': 35}
2025-09-28 19:15:43 | INFO | Inserted one message into the database.
2025-09-28 19:15:43 | INFO | Processed message: {'message': 'I just loved a meme! It was weird.', 'author': 'Bob', 'category': 'humor', 'sentiment': 0.13, 'keyword_mentioned': 'meme', 'message_length': 34}
2025-09-28 19:15:43 | INFO | Calling SQLite insert_message() with:
2025-09-28 19:15:43 | INFO | message={'message': 'I just loved a meme! It was weird.', 'author': 'Bob', 'category': 'humor', 'sentiment': 0.13, 'keyword_mentioned': 'meme', 'message_length': 34}
2025-09-28 19:15:43 | INFO | db_path=WindowsPath('D:/projects/buzzline-05-USERape/data/buzz.sqlite')
2025-09-28 19:15:43 | INFO | Inserted one message into the database.
2025-09-28 19:15:43 | INFO | Calling Postgres insert_message() with:
2025-09-28 19:15:43 | INFO | message={'message': 'I just loved a meme! It was weird.', 'author': 'Bob', 'category': 'humor', 'sentiment': 0.13, 'keyword_mentioned': 'meme', 'message_length': 34}
2025-09-28 19:15:43 | INFO | Inserted one message into the database.
2025-09-28 19:15:43 | INFO | Processed message: {'message': 'I just found a movie! It was boring.', 'author': 'Alice', 'category': 'entertainment', 'sentiment': 0.26, 'keyword_mentioned': 'movie', 'message_length': 36}
2025-09-28 19:15:43 | INFO | Calling SQLite insert_message() with:
2025-09-28 19:15:43 | INFO | message={'message': 'I just found a movie! It was boring.', 'author': 'Alice', 'category': 'entertainment', 'sentiment': 0.26, 'keyword_mentioned': 'movie', 'message_length': 36}
2025-09-28 19:15:43 | INFO | db_path=WindowsPath('D:/projects/buzzline-05-USERape/data/buzz.sqlite')
2025-09-28 19:15:43 | INFO | Inserted one message into the database.
2025-09-28 19:15:43 | INFO | Calling Postgres insert_message() with:
2025-09-28 19:15:43 | INFO | message={'message': 'I just found a movie! It was boring.', 'author': 'Alice', 'category': 'entertainment', 'sentiment': 0.26, 'keyword_mentioned': 'movie', 'message_length': 36}
2025-09-28 19:15:43 | INFO | Inserted one message into the database.
2025-09-28 19:15:43 | INFO | Processed message: {'message': 'I just tried JavaScript! It was weird.', 'author': 'Bob', 'category': 'tech', 'sentiment': 0.2, 'keyword_mentioned': 'JavaScript', 'message_length': 38}
2025-09-28 19:15:43 | INFO | Calling SQLite insert_message() with:
2025-09-28 19:15:43 | INFO | message={'message': 'I just tried JavaScript! It was weird.', 'author': 'Bob', 'category': 'tech', 'sentiment': 0.2, 'keyword_mentioned': 'JavaScript', 'message_length': 38}
2025-09-28 19:15:43 | INFO | db_path=WindowsPath('D:/projects/buzzline-05-USERape/data/buzz.sqlite')
2025-09-28 19:15:43 | INFO | Inserted one message into the database.
2025-09-28 19:15:43 | INFO | Calling Postgres insert_message() with:
2025-09-28 19:15:43 | INFO | message={'message': 'I just tried JavaScript! It was weird.', 'author': 'Bob', 'category': 'tech', 'sentiment': 0.2, 'keyword_mentioned': 'JavaScript', 'message_length': 38}
2025-09-28 19:15:43 | INFO | Inserted one message into the database.
2025-09-28 19:15:43 | INFO | Processed message: {'message': 'I just found JavaScript! It was exciting.', 'author': 'Charlie', 'category': 'tech', 'sentiment': 0.06, 'keyword_mentioned': 'JavaScript', 'message_length': 41}
2025-09-28 19:15:43 | INFO | Calling SQLite insert_message() with:
2025-09-28 19:15:43 | INFO | message={'message': 'I just found JavaScript! It was exciting.', 'author': 'Charlie', 'category': 'tech', 'sentiment': 0.06, 'keyword_mentioned': 'JavaScript', 'message_length': 41}
2025-09-28 19:15:43 | INFO | db_path=WindowsPath('D:/projects/buzzline-05-USERape/data/buzz.sqlite')
2025-09-28 19:15:43 | INFO | Inserted one message into the database.
2025-09-28 19:15:43 | INFO | Calling Postgres insert_message() with:
2025-09-28 19:15:43 | INFO | message={'message': 'I just found JavaScript! It was exciting.', 'author': 'Charlie', 'category': 'tech', 'sentiment': 0.06, 'keyword_mentioned': 'JavaScript', 'message_length': 41}
2025-09-28 19:15:43 | INFO | Inserted one message into the database.
2025-09-28 19:15:43 | INFO | Processed message: {'message': 'I just tried travel! It was exciting.', 'author': 'Alice', 'category': 'travel', 'sentiment': 0.01, 'keyword_mentioned': 'travel', 'message_length': 37}
2025-09-28 19:15:43 | INFO | Calling SQLite insert_message() with:
2025-09-28 19:15:43 | INFO | message={'message': 'I just tried travel! It was exciting.', 'author': 'Alice', 'category': 'travel', 'sentiment': 0.01, 'keyword_mentioned': 'travel', 'message_length': 37}
2025-09-28 19:15:43 | INFO | db_path=WindowsPath('D:/projects/buzzline-05-USERape/data/buzz.sqlite')
2025-09-28 19:15:43 | INFO | Inserted one message into the database.
2025-09-28 19:15:43 | INFO | Calling Postgres insert_message() with:
2025-09-28 19:15:43 | INFO | message={'message': 'I just tried travel! It was exciting.', 'author': 'Alice', 'category': 'travel', 'sentiment': 0.01, 'keyword_mentioned': 'travel', 'message_length': 37}
2025-09-28 19:15:43 | INFO | Inserted one message into the database.
2025-09-28 19:15:43 | INFO | Processed message: {'message': 'I just saw a meme! It was boring.', 'author': 'Charlie', 'category': 'humor', 'sentiment': 0.24, 'keyword_mentioned': 'meme', 'message_length': 33}
2025-09-28 19:15:43 | INFO | Calling SQLite insert_message() with:
2025-09-28 19:15:43 | INFO | message={'message': 'I just saw a meme! It was boring.', 'author': 'Charlie', 'category': 'humor', 'sentiment': 0.24, 'keyword_mentioned': 'meme', 'message_length': 33}
2025-09-28 19:15:43 | INFO | db_path=WindowsPath('D:/projects/buzzline-05-USERape/data/buzz.sqlite')
2025-09-28 19:15:43 | INFO | Inserted one message into the database.
2025-09-28 19:15:43 | INFO | Calling Postgres insert_message() with:
2025-09-28 19:15:43 | INFO | message={'message': 'I just saw a meme! It was boring.', 'author': 'Charlie', 'category': 'humor', 'sentiment': 0.24, 'keyword_mentioned': 'meme', 'message_length': 33}
2025-09-28 19:15:44 | INFO | Inserted one message into the database.
2025-09-28 19:15:44 | INFO | Processed message: {'message': 'I just saw a meme! It was exciting.', 'author': 'Alice', 'category': 'humor', 'sentiment': 0.45, 'keyword_mentioned': 'meme', 'message_length': 35}
2025-09-28 19:15:44 | INFO | Calling SQLite insert_message() with:
2025-09-28 19:15:44 | INFO | message={'message': 'I just saw a meme! It was exciting.', 'author': 'Alice', 'category': 'humor', 'sentiment': 0.45, 'keyword_mentioned': 'meme', 'message_length': 35}
2025-09-28 19:15:44 | INFO | db_path=WindowsPath('D:/projects/buzzline-05-USERape/data/buzz.sqlite')
2025-09-28 19:15:44 | INFO | Inserted one message into the database.
2025-09-28 19:15:44 | INFO | Calling Postgres insert_message() with:
2025-09-28 19:15:44 | INFO | message={'message': 'I just saw a meme! It was exciting.', 'author': 'Alice', 'category': 'humor', 'sentiment': 0.45, 'keyword_mentioned': 'meme', 'message_length': 35}
2025-09-28 19:15:44 | INFO | Inserted one message into the database.
2025-09-28 19:15:44 | INFO | Processed message: {'message': 'I just found an app! It was exciting.', 'author': 'Bob', 'category': 'other', 'sentiment': 0.72, 'keyword_mentioned': 'other', 'message_length': 37}
2025-09-28 19:15:44 | INFO | Calling SQLite insert_message() with:
2025-09-28 19:15:44 | INFO | message={'message': 'I just found an app! It was exciting.', 'author': 'Bob', 'category': 'other', 'sentiment': 0.72, 'keyword_mentioned': 'other', 'message_length': 37}
2025-09-28 19:15:44 | INFO | db_path=WindowsPath('D:/projects/buzzline-05-USERape/data/buzz.sqlite')
2025-09-28 19:15:44 | INFO | Inserted one message into the database.
2025-09-28 19:15:44 | INFO | Calling Postgres insert_message() with:
2025-09-28 19:15:44 | INFO | message={'message': 'I just found an app! It was exciting.', 'author': 'Bob', 'category': 'other', 'sentiment': 0.72, 'keyword_mentioned': 'other', 'message_length': 37}
2025-09-28 19:15:44 | INFO | Inserted one message into the database.
2025-09-28 19:15:44 | INFO | Processed message: {'message': 'I just found recipe! It was exciting.', 'author': 'Eve', 'category': 'food', 'sentiment': 0.08, 'keyword_mentioned': 'recipe', 'message_length': 37}
2025-09-28 19:15:44 | INFO | Calling SQLite insert_message() with:
2025-09-28 19:15:44 | INFO | message={'message': 'I just found recipe! It was exciting.', 'author': 'Eve', 'category': 'food', 'sentiment': 0.08, 'keyword_mentioned': 'recipe', 'message_length': 37}
2025-09-28 19:15:44 | INFO | db_path=WindowsPath('D:/projects/buzzline-05-USERape/data/buzz.sqlite')
2025-09-28 19:15:44 | INFO | Inserted one message into the database.
2025-09-28 19:15:44 | INFO | Calling Postgres insert_message() with:
2025-09-28 19:15:44 | INFO | message={'message': 'I just found recipe! It was exciting.', 'author': 'Eve', 'category': 'food', 'sentiment': 0.08, 'keyword_mentioned': 'recipe', 'message_length': 37}
2025-09-28 19:15:44 | INFO | Inserted one message into the database.
2025-09-28 19:15:44 | INFO | Processed message: {'message': 'I just tried recipe! It was amazing.', 'author': 'Bob', 'category': 'food', 'sentiment': 0.73, 'keyword_mentioned': 'recipe', 'message_length': 36}
2025-09-28 19:15:44 | INFO | Calling SQLite insert_message() with:
2025-09-28 19:15:44 | INFO | message={'message': 'I just tried recipe! It was amazing.', 'author': 'Bob', 'category': 'food', 'sentiment': 0.73, 'keyword_mentioned': 'recipe', 'message_length': 36}
2025-09-28 19:15:44 | INFO | db_path=WindowsPath('D:/projects/buzzline-05-USERape/data/buzz.sqlite')
2025-09-28 19:15:44 | INFO | Inserted one message into the database.
2025-09-28 19:15:44 | INFO | Calling Postgres insert_message() with:
2025-09-28 19:15:44 | INFO | message={'message': 'I just tried recipe! It was amazing.', 'author': 'Bob', 'category': 'food', 'sentiment': 0.73, 'keyword_mentioned': 'recipe', 'message_length': 36}
2025-09-28 19:15:44 | INFO | Inserted one message into the database.
2025-09-28 19:15:44 | INFO | Processed message: {'message': 'I just found a movie! It was boring.', 'author': 'Alice', 'category': 'entertainment', 'sentiment': 0.54, 'keyword_mentioned': 'movie', 'message_length': 36}
2025-09-28 19:15:44 | INFO | Calling SQLite insert_message() with:
2025-09-28 19:15:44 | INFO | message={'message': 'I just found a movie! It was boring.', 'author': 'Alice', 'category': 'entertainment', 'sentiment': 0.54, 'keyword_mentioned': 'movie', 'message_length': 36}
2025-09-28 19:15:44 | INFO | db_path=WindowsPath('D:/projects/buzzline-05-USERape/data/buzz.sqlite')
2025-09-28 19:15:44 | INFO | Inserted one message into the database.
2025-09-28 19:15:44 | INFO | Calling Postgres insert_message() with:
2025-09-28 19:15:44 | INFO | message={'message': 'I just found a movie! It was boring.', 'author': 'Alice', 'category': 'entertainment', 'sentiment': 0.54, 'keyword_mentioned': 'movie', 'message_length': 36}
2025-09-28 19:15:44 | INFO | Inserted one message into the database.
2025-09-28 19:15:44 | INFO | Processed message: {'message': 'I just tried a story! It was funny.', 'author': 'Bob', 'category': 'other', 'sentiment': 0.02, 'keyword_mentioned': 'other', 'message_length': 35}
2025-09-28 19:15:44 | INFO | Calling SQLite insert_message() with:
2025-09-28 19:15:44 | INFO | message={'message': 'I just tried a story! It was funny.', 'author': 'Bob', 'category': 'other', 'sentiment': 0.02, 'keyword_mentioned': 'other', 'message_length': 35}
2025-09-28 19:15:44 | INFO | db_path=WindowsPath('D:/projects/buzzline-05-USERape/data/buzz.sqlite')
2025-09-28 19:15:44 | INFO | Inserted one message into the database.
2025-09-28 19:15:44 | INFO | Calling Postgres insert_message() with:
2025-09-28 19:15:44 | INFO | message={'message': 'I just tried a story! It was funny.', 'author': 'Bob', 'category': 'other', 'sentiment': 0.02, 'keyword_mentioned': 'other', 'message_length': 35}
2025-09-28 19:15:44 | INFO | Inserted one message into the database.
2025-09-28 19:15:44 | INFO | Processed message: {'message': 'I just shared a trick! It was exciting.', 'author': 'Eve', 'category': 'other', 'sentiment': 0.77, 'keyword_mentioned': 'other', 'message_length': 39}
2025-09-28 19:15:44 | INFO | Calling SQLite insert_message() with:
2025-09-28 19:15:44 | INFO | message={'message': 'I just shared a trick! It was exciting.', 'author': 'Eve', 'category': 'other', 'sentiment': 0.77, 'keyword_mentioned': 'other', 'message_length': 39}
2025-09-28 19:15:44 | INFO | db_path=WindowsPath('D:/projects/buzzline-05-USERape/data/buzz.sqlite')
2025-09-28 19:15:44 | INFO | Inserted one message into the database.
2025-09-28 19:15:44 | INFO | Calling Postgres insert_message() with:
2025-09-28 19:15:44 | INFO | message={'message': 'I just shared a trick! It was exciting.', 'author': 'Eve', 'category': 'other', 'sentiment': 0.77, 'keyword_mentioned': 'other', 'message_length': 39}
2025-09-28 19:15:44 | INFO | Inserted one message into the database.
2025-09-28 19:15:44 | INFO | Processed message: {'message': 'I just saw game! It was amazing.', 'author': 'Bob', 'category': 'gaming', 'sentiment': 0.85, 'keyword_mentioned': 'game', 'message_length': 32}
2025-09-28 19:15:44 | INFO | Calling SQLite insert_message() with:
2025-09-28 19:15:44 | INFO | message={'message': 'I just saw game! It was amazing.', 'author': 'Bob', 'category': 'gaming', 'sentiment': 0.85, 'keyword_mentioned': 'game', 'message_length': 32}
2025-09-28 19:15:44 | INFO | db_path=WindowsPath('D:/projects/buzzline-05-USERape/data/buzz.sqlite')
2025-09-28 19:15:44 | INFO | Inserted one message into the database.
2025-09-28 19:15:44 | INFO | Calling Postgres insert_message() with:
2025-09-28 19:15:44 | INFO | message={'message': 'I just saw game! It was amazing.', 'author': 'Bob', 'category': 'gaming', 'sentiment': 0.85, 'keyword_mentioned': 'game', 'message_length': 32}
2025-09-28 19:15:44 | INFO | Inserted one message into the database.
2025-09-28 19:15:44 | INFO | Processed message: {'message': 'I just found travel! It was weird.', 'author': 'Eve', 'category': 'travel', 'sentiment': 0.47, 'keyword_mentioned': 'travel', 'message_length': 34}
2025-09-28 19:15:44 | INFO | Calling SQLite insert_message() with:
2025-09-28 19:15:44 | INFO | message={'message': 'I just found travel! It was weird.', 'author': 'Eve', 'category': 'travel', 'sentiment': 0.47, 'keyword_mentioned': 'travel', 'message_length': 34}
2025-09-28 19:15:44 | INFO | db_path=WindowsPath('D:/projects/buzzline-05-USERape/data/buzz.sqlite')
2025-09-28 19:15:44 | INFO | Inserted one message into the database.
2025-09-28 19:15:44 | INFO | Calling Postgres insert_message() with:
2025-09-28 19:15:44 | INFO | message={'message': 'I just found travel! It was weird.', 'author': 'Eve', 'category': 'travel', 'sentiment': 0.47, 'keyword_mentioned': 'travel', 'message_length': 34}
2025-09-28 19:15:44 | INFO | Inserted one message into the database.
2025-09-28 19:15:44 | INFO | Processed message: {'message': 'I just loved JavaScript! It was weird.', 'author': 'Eve', 'category': 'tech', 'sentiment': 0.84, 'keyword_mentioned': 'JavaScript', 'message_length': 38}
2025-09-28 19:15:44 | INFO | Calling SQLite insert_message() with:
2025-09-28 19:15:44 | INFO | message={'message': 'I just loved JavaScript! It was weird.', 'author': 'Eve', 'category': 'tech', 'sentiment': 0.84, 'keyword_mentioned': 'JavaScript', 'message_length': 38}
2025-09-28 19:15:44 | INFO | db_path=WindowsPath('D:/projects/buzzline-05-USERape/data/buzz.sqlite')
2025-09-28 19:15:44 | INFO | Inserted one message into the database.
2025-09-28 19:15:44 | INFO | Calling Postgres insert_message() with:
2025-09-28 19:15:44 | INFO | message={'message': 'I just loved JavaScript! It was weird.', 'author': 'Eve', 'category': 'tech', 'sentiment': 0.84, 'keyword_mentioned': 'JavaScript', 'message_length': 38}
2025-09-28 19:15:45 | INFO | Inserted one message into the database.
2025-09-28 19:15:45 | INFO | Processed message: {'message': 'I just shared JavaScript! It was exciting.', 'author': 'Bob', 'category': 'tech', 'sentiment': 0.06, 'keyword_mentioned': 'JavaScript', 'message_length': 42}
2025-09-28 19:15:45 | INFO | Calling SQLite insert_message() with:
2025-09-28 19:15:45 | INFO | message={'message': 'I just shared JavaScript! It was exciting.', 'author': 'Bob', 'category': 'tech', 'sentiment': 0.06, 'keyword_mentioned': 'JavaScript', 'message_length': 42}
2025-09-28 19:15:45 | INFO | db_path=WindowsPath('D:/projects/buzzline-05-USERape/data/buzz.sqlite')
2025-09-28 19:15:45 | INFO | Inserted one message into the database.
2025-09-28 19:15:45 | INFO | Calling Postgres insert_message() with:
2025-09-28 19:15:45 | INFO | message={'message': 'I just shared JavaScript! It was exciting.', 'author': 'Bob', 'category': 'tech', 'sentiment': 0.06, 'keyword_mentioned': 'JavaScript', 'message_length': 42}
2025-09-28 19:15:45 | INFO | Inserted one message into the database.
2025-09-28 19:15:45 | INFO | Processed message: {'message': 'I just tried Python! It was boring.', 'author': 'Bob', 'category': 'tech', 'sentiment': 0.6, 'keyword_mentioned': 'Python', 'message_length': 35}
2025-09-28 19:15:45 | INFO | Calling SQLite insert_message() with:
2025-09-28 19:15:45 | INFO | message={'message': 'I just tried Python! It was boring.', 'author': 'Bob', 'category': 'tech', 'sentiment': 0.6, 'keyword_mentioned': 'Python', 'message_length': 35}
2025-09-28 19:15:45 | INFO | db_path=WindowsPath('D:/projects/buzzline-05-USERape/data/buzz.sqlite')
2025-09-28 19:15:45 | INFO | Inserted one message into the database.
2025-09-28 19:15:45 | INFO | Calling Postgres insert_message() with:
2025-09-28 19:15:45 | INFO | message={'message': 'I just tried Python! It was boring.', 'author': 'Bob', 'category': 'tech', 'sentiment': 0.6, 'keyword_mentioned': 'Python', 'message_length': 35}
2025-09-28 19:15:45 | INFO | Inserted one message into the database.
2025-09-28 19:15:45 | INFO | Processed message: {'message': 'I just shared a trick! It was exciting.', 'author': 'Eve', 'category': 'other', 'sentiment': 0.01, 'keyword_mentioned': 'other', 'message_length': 39}
2025-09-28 19:15:45 | INFO | Calling SQLite insert_message() with:
2025-09-28 19:15:45 | INFO | message={'message': 'I just shared a trick! It was exciting.', 'author': 'Eve', 'category': 'other', 'sentiment': 0.01, 'keyword_mentioned': 'other', 'message_length': 39}
2025-09-28 19:15:45 | INFO | db_path=WindowsPath('D:/projects/buzzline-05-USERape/data/buzz.sqlite')
2025-09-28 19:15:45 | INFO | Inserted one message into the database.
2025-09-28 19:15:45 | INFO | Calling Postgres insert_message() with:
2025-09-28 19:15:45 | INFO | message={'message': 'I just shared a trick! It was exciting.', 'author': 'Eve', 'category': 'other', 'sentiment': 0.01, 'keyword_mentioned': 'other', 'message_length': 39}
2025-09-28 19:15:45 | INFO | Inserted one message into the database.
2025-09-28 19:15:45 | INFO | Processed message: {'message': 'I just shared a trick! It was boring.', 'author': 'Charlie', 'category': 'other', 'sentiment': 0.46, 'keyword_mentioned': 'other', 'message_length': 37}
2025-09-28 19:15:45 | INFO | Calling SQLite insert_message() with:
2025-09-28 19:15:45 | INFO | message={'message': 'I just shared a trick! It was boring.', 'author': 'Charlie', 'category': 'other', 'sentiment': 0.46, 'keyword_mentioned': 'other', 'message_length': 37}
2025-09-28 19:15:45 | INFO | db_path=WindowsPath('D:/projects/buzzline-05-USERape/data/buzz.sqlite')
2025-09-28 19:15:45 | INFO | Inserted one message into the database.
2025-09-28 19:15:45 | INFO | Calling Postgres insert_message() with:
2025-09-28 19:15:45 | INFO | message={'message': 'I just shared a trick! It was boring.', 'author': 'Charlie', 'category': 'other', 'sentiment': 0.46, 'keyword_mentioned': 'other', 'message_length': 37}
2025-09-28 19:15:45 | INFO | {'message': 'I just shared a trick! It was boring.', 'author': 'Charlie', 'timestamp': '2025-09-28 19:15:45', 'category': 'other', 'sentiment': 0.19, 'keyword_mentioned': 'other', 'message_length': 37}
2025-09-28 19:15:45 | INFO | Sent to topic 'buzzline_db': {'message': 'I just shared a trick! It was boring.', 'author': 'Charlie', 'timestamp': '2025-09-28 19:15:45', 'category': 'other', 'sentiment': 0.19, 'keyword_mentioned': 'other', 'message_length': 37}
2025-09-28 19:15:45 | INFO | Inserted one message into the database.
2025-09-28 19:15:45 | INFO | Processed message: {'message': 'I just loved game! It was boring.', 'author': 'Alice', 'category': 'gaming', 'sentiment': 0.95, 'keyword_mentioned': 'game', 'message_length': 33}
2025-09-28 19:15:45 | INFO | Calling SQLite insert_message() with:
2025-09-28 19:15:45 | INFO | message={'message': 'I just loved game! It was boring.', 'author': 'Alice', 'category': 'gaming', 'sentiment': 0.95, 'keyword_mentioned': 'game', 'message_length': 33}
2025-09-28 19:15:45 | INFO | db_path=WindowsPath('D:/projects/buzzline-05-USERape/data/buzz.sqlite')
2025-09-28 19:15:45 | INFO | Inserted one message into the database.
2025-09-28 19:15:45 | INFO | Calling Postgres insert_message() with:
2025-09-28 19:15:45 | INFO | message={'message': 'I just loved game! It was boring.', 'author': 'Alice', 'category': 'gaming', 'sentiment': 0.95, 'keyword_mentioned': 'game', 'message_length': 33}
2025-09-28 19:15:45 | INFO | Inserted one message into the database.
2025-09-28 19:15:45 | INFO | Processed message: {'message': 'I just tried a meme! It was boring.', 'author': 'Bob', 'category': 'humor', 'sentiment': 0.56, 'keyword_mentioned': 'meme', 'message_length': 35}
2025-09-28 19:15:45 | INFO | Calling SQLite insert_message() with:
2025-09-28 19:15:45 | INFO | message={'message': 'I just tried a meme! It was boring.', 'author': 'Bob', 'category': 'humor', 'sentiment': 0.56, 'keyword_mentioned': 'meme', 'message_length': 35}
2025-09-28 19:15:45 | INFO | db_path=WindowsPath('D:/projects/buzzline-05-USERape/data/buzz.sqlite')
2025-09-28 19:15:45 | INFO | Inserted one message into the database.
2025-09-28 19:15:45 | INFO | Calling Postgres insert_message() with:
2025-09-28 19:15:45 | INFO | message={'message': 'I just tried a meme! It was boring.', 'author': 'Bob', 'category': 'humor', 'sentiment': 0.56, 'keyword_mentioned': 'meme', 'message_length': 35}
2025-09-28 19:15:45 | INFO | Inserted one message into the database.
2025-09-28 19:15:45 | INFO | Processed message: {'message': 'I just saw Python! It was funny.', 'author': 'Eve', 'category': 'tech', 'sentiment': 0.39, 'keyword_mentioned': 'Python', 'message_length': 32}
2025-09-28 19:15:45 | INFO | Calling SQLite insert_message() with:
2025-09-28 19:15:45 | INFO | message={'message': 'I just saw Python! It was funny.', 'author': 'Eve', 'category': 'tech', 'sentiment': 0.39, 'keyword_mentioned': 'Python', 'message_length': 32}
2025-09-28 19:15:45 | INFO | db_path=WindowsPath('D:/projects/buzzline-05-USERape/data/buzz.sqlite')
2025-09-28 19:15:45 | INFO | Inserted one message into the database.
2025-09-28 19:15:45 | INFO | Calling Postgres insert_message() with:
2025-09-28 19:15:45 | INFO | message={'message': 'I just saw Python! It was funny.', 'author': 'Eve', 'category': 'tech', 'sentiment': 0.39, 'keyword_mentioned': 'Python', 'message_length': 32}
2025-09-28 19:15:45 | INFO | Inserted one message into the database.
2025-09-28 19:15:45 | INFO | Processed message: {'message': 'I just loved JavaScript! It was funny.', 'author': 'Alice', 'category': 'tech', 'sentiment': 0.47, 'keyword_mentioned': 'JavaScript', 'message_length': 38}
2025-09-28 19:15:45 | INFO | Calling SQLite insert_message() with:
2025-09-28 19:15:45 | INFO | message={'message': 'I just loved JavaScript! It was funny.', 'author': 'Alice', 'category': 'tech', 'sentiment': 0.47, 'keyword_mentioned': 'JavaScript', 'message_length': 38}
2025-09-28 19:15:45 | INFO | db_path=WindowsPath('D:/projects/buzzline-05-USERape/data/buzz.sqlite')
2025-09-28 19:15:45 | INFO | Inserted one message into the database.
2025-09-28 19:15:45 | INFO | Calling Postgres insert_message() with:
2025-09-28 19:15:45 | INFO | message={'message': 'I just loved JavaScript! It was funny.', 'author': 'Alice', 'category': 'tech', 'sentiment': 0.47, 'keyword_mentioned': 'JavaScript', 'message_length': 38}
2025-09-28 19:15:45 | INFO | Inserted one message into the database.
2025-09-28 19:15:45 | INFO | Processed message: {'message': 'I just shared an app! It was weird.', 'author': 'Bob', 'category': 'other', 'sentiment': 0.05, 'keyword_mentioned': 'other', 'message_length': 35}
2025-09-28 19:15:45 | INFO | Calling SQLite insert_message() with:
2025-09-28 19:15:45 | INFO | message={'message': 'I just shared an app! It was weird.', 'author': 'Bob', 'category': 'other', 'sentiment': 0.05, 'keyword_mentioned': 'other', 'message_length': 35}
2025-09-28 19:15:45 | INFO | db_path=WindowsPath('D:/projects/buzzline-05-USERape/data/buzz.sqlite')
2025-09-28 19:15:45 | INFO | Inserted one message into the database.
2025-09-28 19:15:45 | INFO | Calling Postgres insert_message() with:
2025-09-28 19:15:45 | INFO | message={'message': 'I just shared an app! It was weird.', 'author': 'Bob', 'category': 'other', 'sentiment': 0.05, 'keyword_mentioned': 'other', 'message_length': 35}
2025-09-28 19:15:46 | INFO | Inserted one message into the database.
2025-09-28 19:15:46 | INFO | Processed message: {'message': 'I just tried travel! It was boring.', 'author': 'Bob', 'category': 'travel', 'sentiment': 0.04, 'keyword_mentioned': 'travel', 'message_length': 35}
2025-09-28 19:15:46 | INFO | Calling SQLite insert_message() with:
2025-09-28 19:15:46 | INFO | message={'message': 'I just tried travel! It was boring.', 'author': 'Bob', 'category': 'travel', 'sentiment': 0.04, 'keyword_mentioned': 'travel', 'message_length': 35}
2025-09-28 19:15:46 | INFO | db_path=WindowsPath('D:/projects/buzzline-05-USERape/data/buzz.sqlite')
2025-09-28 19:15:46 | INFO | Inserted one message into the database.
2025-09-28 19:15:46 | INFO | Calling Postgres insert_message() with:
2025-09-28 19:15:46 | INFO | message={'message': 'I just tried travel! It was boring.', 'author': 'Bob', 'category': 'travel', 'sentiment': 0.04, 'keyword_mentioned': 'travel', 'message_length': 35}
2025-09-28 19:15:46 | INFO | Inserted one message into the database.
2025-09-28 19:15:46 | INFO | Processed message: {'message': 'I just saw an app! It was boring.', 'author': 'Alice', 'category': 'other', 'sentiment': 0.89, 'keyword_mentioned': 'other', 'message_length': 33}
2025-09-28 19:15:46 | INFO | Calling SQLite insert_message() with:
2025-09-28 19:15:46 | INFO | message={'message': 'I just saw an app! It was boring.', 'author': 'Alice', 'category': 'other', 'sentiment': 0.89, 'keyword_mentioned': 'other', 'message_length': 33}
2025-09-28 19:15:46 | INFO | db_path=WindowsPath('D:/projects/buzzline-05-USERape/data/buzz.sqlite')
2025-09-28 19:15:46 | INFO | Inserted one message into the database.
2025-09-28 19:15:46 | INFO | Calling Postgres insert_message() with:
2025-09-28 19:15:46 | INFO | message={'message': 'I just saw an app! It was boring.', 'author': 'Alice', 'category': 'other', 'sentiment': 0.89, 'keyword_mentioned': 'other', 'message_length': 33}
2025-09-28 19:15:46 | INFO | Inserted one message into the database.
2025-09-28 19:15:46 | INFO | Processed message: {'message': 'I just saw a story! It was boring.', 'author': 'Bob', 'category': 'other', 'sentiment': 0.84, 'keyword_mentioned': 'other', 'message_length': 34}
2025-09-28 19:15:46 | INFO | Calling SQLite insert_message() with:
2025-09-28 19:15:46 | INFO | message={'message': 'I just saw a story! It was boring.', 'author': 'Bob', 'category': 'other', 'sentiment': 0.84, 'keyword_mentioned': 'other', 'message_length': 34}
2025-09-28 19:15:46 | INFO | db_path=WindowsPath('D:/projects/buzzline-05-USERape/data/buzz.sqlite')
2025-09-28 19:15:46 | INFO | Inserted one message into the database.
2025-09-28 19:15:46 | INFO | Calling Postgres insert_message() with:
2025-09-28 19:15:46 | INFO | message={'message': 'I just saw a story! It was boring.', 'author': 'Bob', 'category': 'other', 'sentiment': 0.84, 'keyword_mentioned': 'other', 'message_length': 34}
2025-09-28 19:15:46 | INFO | Inserted one message into the database.
2025-09-28 19:15:46 | INFO | Processed message: {'message': 'I just saw a meme! It was exciting.', 'author': 'Bob', 'category': 'humor', 'sentiment': 0.6, 'keyword_mentioned': 'meme', 'message_length': 35}
2025-09-28 19:15:46 | INFO | Calling SQLite insert_message() with:
2025-09-28 19:15:46 | INFO | message={'message': 'I just saw a meme! It was exciting.', 'author': 'Bob', 'category': 'humor', 'sentiment': 0.6, 'keyword_mentioned': 'meme', 'message_length': 35}
2025-09-28 19:15:46 | INFO | db_path=WindowsPath('D:/projects/buzzline-05-USERape/data/buzz.sqlite')
2025-09-28 19:15:46 | INFO | Inserted one message into the database.
2025-09-28 19:15:46 | INFO | Calling Postgres insert_message() with:
2025-09-28 19:15:46 | INFO | message={'message': 'I just saw a meme! It was exciting.', 'author': 'Bob', 'category': 'humor', 'sentiment': 0.6, 'keyword_mentioned': 'meme', 'message_length': 35}
2025-09-28 19:15:46 | INFO | Inserted one message into the database.
2025-09-28 19:15:46 | INFO | Processed message: {'message': 'I just loved Python! It was boring.', 'author': 'Charlie', 'category': 'tech', 'sentiment': 0.23, 'keyword_mentioned': 'Python', 'message_length': 35}
2025-09-28 19:15:46 | INFO | Calling SQLite insert_message() with:
2025-09-28 19:15:46 | INFO | message={'message': 'I just loved Python! It was boring.', 'author': 'Charlie', 'category': 'tech', 'sentiment': 0.23, 'keyword_mentioned': 'Python', 'message_length': 35}
2025-09-28 19:15:46 | INFO | db_path=WindowsPath('D:/projects/buzzline-05-USERape/data/buzz.sqlite')
2025-09-28 19:15:46 | INFO | Inserted one message into the database.
2025-09-28 19:15:46 | INFO | Calling Postgres insert_message() with:
2025-09-28 19:15:46 | INFO | message={'message': 'I just loved Python! It was boring.', 'author': 'Charlie', 'category': 'tech', 'sentiment': 0.23, 'keyword_mentioned': 'Python', 'message_length': 35}
2025-09-28 19:15:46 | INFO | Inserted one message into the database.
2025-09-28 19:15:46 | INFO | Processed message: {'message': 'I just loved an app! It was amazing.', 'author': 'Eve', 'category': 'other', 'sentiment': 0.7, 'keyword_mentioned': 'other', 'message_length': 36}
2025-09-28 19:15:46 | INFO | Calling SQLite insert_message() with:
2025-09-28 19:15:46 | INFO | message={'message': 'I just loved an app! It was amazing.', 'author': 'Eve', 'category': 'other', 'sentiment': 0.7, 'keyword_mentioned': 'other', 'message_length': 36}
2025-09-28 19:15:46 | INFO | db_path=WindowsPath('D:/projects/buzzline-05-USERape/data/buzz.sqlite')
2025-09-28 19:15:46 | INFO | Inserted one message into the database.
2025-09-28 19:15:46 | INFO | Calling Postgres insert_message() with:
2025-09-28 19:15:46 | INFO | message={'message': 'I just loved an app! It was amazing.', 'author': 'Eve', 'category': 'other', 'sentiment': 0.7, 'keyword_mentioned': 'other', 'message_length': 36}
2025-09-28 19:15:46 | INFO | Inserted one message into the database.
2025-09-28 19:15:46 | INFO | Processed message: {'message': 'I just loved travel! It was boring.', 'author': 'Bob', 'category': 'travel', 'sentiment': 0.07, 'keyword_mentioned': 'travel', 'message_length': 35}
2025-09-28 19:15:46 | INFO | Calling SQLite insert_message() with:
2025-09-28 19:15:46 | INFO | message={'message': 'I just loved travel! It was boring.', 'author': 'Bob', 'category': 'travel', 'sentiment': 0.07, 'keyword_mentioned': 'travel', 'message_length': 35}
2025-09-28 19:15:46 | INFO | db_path=WindowsPath('D:/projects/buzzline-05-USERape/data/buzz.sqlite')
2025-09-28 19:15:46 | INFO | Inserted one message into the database.
2025-09-28 19:15:46 | INFO | Calling Postgres insert_message() with:
2025-09-28 19:15:46 | INFO | message={'message': 'I just loved travel! It was boring.', 'author': 'Bob', 'category': 'travel', 'sentiment': 0.07, 'keyword_mentioned': 'travel', 'message_length': 35}
2025-09-28 19:15:46 | INFO | Inserted one message into the database.
2025-09-28 19:15:46 | INFO | Processed message: {'message': 'I just saw a trick! It was funny.', 'author': 'Alice', 'category': 'other', 'sentiment': 0.8, 'keyword_mentioned': 'other', 'message_length': 33}
2025-09-28 19:15:46 | INFO | Calling SQLite insert_message() with:
2025-09-28 19:15:46 | INFO | message={'message': 'I just saw a trick! It was funny.', 'author': 'Alice', 'category': 'other', 'sentiment': 0.8, 'keyword_mentioned': 'other', 'message_length': 33}
2025-09-28 19:15:46 | INFO | db_path=WindowsPath('D:/projects/buzzline-05-USERape/data/buzz.sqlite')
2025-09-28 19:15:46 | INFO | Inserted one message into the database.
2025-09-28 19:15:46 | INFO | Calling Postgres insert_message() with:
2025-09-28 19:15:46 | INFO | message={'message': 'I just saw a trick! It was funny.', 'author': 'Alice', 'category': 'other', 'sentiment': 0.8, 'keyword_mentioned': 'other', 'message_length': 33}
2025-09-28 19:15:46 | INFO | Inserted one message into the database.
2025-09-28 19:15:46 | INFO | Processed message: {'message': 'I just found a story! It was funny.', 'author': 'Bob', 'category': 'other', 'sentiment': 0.37, 'keyword_mentioned': 'other', 'message_length': 35}
2025-09-28 19:15:46 | INFO | Calling SQLite insert_message() with:
2025-09-28 19:15:46 | INFO | message={'message': 'I just found a story! It was funny.', 'author': 'Bob', 'category': 'other', 'sentiment': 0.37, 'keyword_mentioned': 'other', 'message_length': 35}
2025-09-28 19:15:46 | INFO | db_path=WindowsPath('D:/projects/buzzline-05-USERape/data/buzz.sqlite')
2025-09-28 19:15:46 | INFO | Inserted one message into the database.
2025-09-28 19:15:46 | INFO | Calling Postgres insert_message() with:
2025-09-28 19:15:46 | INFO | Inserted one message into the database.
2025-09-28 19:15:46 | INFO | Calling SQLite insert_message() with:
